This file contains any messages produced by compilers while
running configure, to aid debugging if configure makes a mistake.

It was created by w3m configure 0.5.3, which was
generated by GNU Autoconf 2.69.  Invocation command line was

  $ ./configure 

## --------- ##
## Platform. ##
## --------- ##

hostname = Samuel-no-MacBook-Air.local
uname -m = x86_64
uname -r = 14.4.0
uname -s = Darwin
uname -v = Darwin Kernel Version 14.4.0: Thu May 28 11:35:04 PDT 2015; root:xnu-2782.30.5~1/RELEASE_X86_64

/usr/bin/uname -p = i386
/bin/uname -X     = unknown

/bin/arch              = unknown
/usr/bin/arch -k       = unknown
/usr/convex/getsysinfo = unknown
/usr/bin/hostinfo      = Mach kernel version:
	 Darwin Kernel Version 14.4.0: Thu May 28 11:35:04 PDT 2015; root:xnu-2782.30.5~1/RELEASE_X86_64
Kernel configured for up to 4 processors.
2 processors are physically available.
4 processors are logically available.
Processor type: x86_64h (Intel x86-64h Haswell)
Processors active: 0 1 2 3
Primary memory available: 4.00 gigabytes
Default processor set: 198 tasks, 1026 threads, 4 processors
Load average: 1.50, Mach factor: 2.49
/bin/machine           = unknown
/usr/bin/oslevel       = unknown
/bin/universe          = unknown

PATH: /usr/bin
PATH: /bin
PATH: /usr/sbin
PATH: /sbin
PATH: /Applications/Emacs.app/Contents/MacOS/bin-x86_64-10_9
PATH: /Applications/Emacs.app/Contents/MacOS/libexec-x86_64-10_9


## ----------- ##
## Core tests. ##
## ----------- ##

configure:2680: checking for g++
configure:2696: found /usr/bin/g++
configure:2707: result: g++
configure:2734: checking for C++ compiler version
configure:2743: g++ --version >&5
Apple LLVM version 6.1.0 (clang-602.0.53) (based on LLVM 3.6.0svn)
Target: x86_64-apple-darwin14.4.0
Thread model: posix
Configured with: --prefix=/Applications/Xcode.app/Contents/Developer/usr --with-gxx-include-dir=/usr/include/c++/4.2.1
configure:2754: $? = 0
configure:2743: g++ -v >&5
Configured with: --prefix=/Applications/Xcode.app/Contents/Developer/usr --with-gxx-include-dir=/usr/include/c++/4.2.1
Apple LLVM version 6.1.0 (clang-602.0.53) (based on LLVM 3.6.0svn)
Target: x86_64-apple-darwin14.4.0
Thread model: posix
configure:2754: $? = 0
configure:2743: g++ -V >&5
clang: error: argument to '-V' is missing (expected 1 value)
clang: error: no input files
configure:2754: $? = 1
configure:2743: g++ -qversion >&5
clang: error: unknown argument: '-qversion'
clang: error: no input files
configure:2754: $? = 1
configure:2774: checking whether the C++ compiler works
configure:2796: g++    conftest.cpp  >&5
configure:2800: $? = 0
configure:2848: result: yes
configure:2851: checking for C++ compiler default output file name
configure:2853: result: a.out
configure:2859: checking for suffix of executables
configure:2866: g++ -o conftest    conftest.cpp  >&5
configure:2870: $? = 0
configure:2892: result: 
configure:2914: checking whether we are cross compiling
configure:2922: g++ -o conftest    conftest.cpp  >&5
configure:2926: $? = 0
configure:2933: ./conftest
configure:2937: $? = 0
configure:2952: result: no
configure:2957: checking for suffix of object files
configure:2979: g++ -c   conftest.cpp >&5
configure:2983: $? = 0
configure:3004: result: o
configure:3008: checking whether we are using the GNU C++ compiler
configure:3027: g++ -c   conftest.cpp >&5
configure:3027: $? = 0
configure:3036: result: yes
configure:3045: checking whether g++ accepts -g
configure:3065: g++ -c -g  conftest.cpp >&5
configure:3065: $? = 0
configure:3106: result: yes
configure:3133: checking for gawk
configure:3163: result: no
configure:3133: checking for mawk
configure:3163: result: no
configure:3133: checking for nawk
configure:3163: result: no
configure:3133: checking for awk
configure:3149: found /usr/bin/awk
configure:3160: result: awk
configure:3219: checking for gcc
configure:3235: found /usr/bin/gcc
configure:3246: result: gcc
configure:3475: checking for C compiler version
configure:3484: gcc --version >&5
Apple LLVM version 6.1.0 (clang-602.0.53) (based on LLVM 3.6.0svn)
Target: x86_64-apple-darwin14.4.0
Thread model: posix
Configured with: --prefix=/Applications/Xcode.app/Contents/Developer/usr --with-gxx-include-dir=/usr/include/c++/4.2.1
configure:3495: $? = 0
configure:3484: gcc -v >&5
Configured with: --prefix=/Applications/Xcode.app/Contents/Developer/usr --with-gxx-include-dir=/usr/include/c++/4.2.1
Apple LLVM version 6.1.0 (clang-602.0.53) (based on LLVM 3.6.0svn)
Target: x86_64-apple-darwin14.4.0
Thread model: posix
configure:3495: $? = 0
configure:3484: gcc -V >&5
clang: error: argument to '-V' is missing (expected 1 value)
clang: error: no input files
configure:3495: $? = 1
configure:3484: gcc -qversion >&5
clang: error: unknown argument: '-qversion'
clang: error: no input files
configure:3495: $? = 1
configure:3499: checking whether we are using the GNU C compiler
configure:3518: gcc -c   conftest.c >&5
configure:3518: $? = 0
configure:3527: result: yes
configure:3536: checking whether gcc accepts -g
configure:3556: gcc -c -g  conftest.c >&5
configure:3556: $? = 0
configure:3597: result: yes
configure:3614: checking for gcc option to accept ISO C89
configure:3677: gcc  -c -g -O2  conftest.c >&5
configure:3677: $? = 0
configure:3690: result: none needed
configure:3715: checking how to run the C preprocessor
configure:3746: gcc -E  conftest.c
configure:3746: $? = 0
configure:3760: gcc -E  conftest.c
conftest.c:12:10: fatal error: 'ac_nonexistent.h' file not found
#include <ac_nonexistent.h>
         ^
1 error generated.
configure:3760: $? = 1
configure: failed program was:
| /* confdefs.h */
| #define PACKAGE_NAME "w3m"
| #define PACKAGE_TARNAME "w3m"
| #define PACKAGE_VERSION "0.5.3"
| #define PACKAGE_STRING "w3m 0.5.3"
| #define PACKAGE_BUGREPORT "satodai@w3m.jp"
| #define PACKAGE_URL ""
| #define PACKAGE "w3m"
| #define VERSION "0.5.3"
| #define W3M w3m
| /* end confdefs.h.  */
| #include <ac_nonexistent.h>
configure:3785: result: gcc -E
configure:3805: gcc -E  conftest.c
configure:3805: $? = 0
configure:3819: gcc -E  conftest.c
conftest.c:12:10: fatal error: 'ac_nonexistent.h' file not found
#include <ac_nonexistent.h>
         ^
1 error generated.
configure:3819: $? = 1
configure: failed program was:
| /* confdefs.h */
| #define PACKAGE_NAME "w3m"
| #define PACKAGE_TARNAME "w3m"
| #define PACKAGE_VERSION "0.5.3"
| #define PACKAGE_STRING "w3m 0.5.3"
| #define PACKAGE_BUGREPORT "satodai@w3m.jp"
| #define PACKAGE_URL ""
| #define PACKAGE "w3m"
| #define VERSION "0.5.3"
| #define W3M w3m
| /* end confdefs.h.  */
| #include <ac_nonexistent.h>
configure:3890: checking for a BSD-compatible install
configure:3958: result: /usr/bin/install -c
configure:3969: checking whether ln -s works
configure:3973: result: yes
configure:3980: checking whether make sets $(MAKE)
configure:4002: result: yes
configure:4054: checking for ranlib
configure:4070: found /usr/bin/ranlib
configure:4081: result: ranlib
configure:4107: checking for perl
configure:4125: found /usr/bin/perl
configure:4137: result: /usr/bin/perl
configure:4153: checking for nkf
configure:4186: result: no
configure:4199: checking for man
configure:4217: found /usr/bin/man
configure:4229: result: /usr/bin/man
configure:4245: checking build system type
configure:4259: result: i686-apple-darwin14.4.0
configure:4279: checking host system type
configure:4292: result: i686-apple-darwin14.4.0
configure:4336: checking if m17n support is enabled
configure:4345: result: yes
configure:4363: checking if unicode support is enabled
configure:4372: result: yes
configure:4387: checking if message l10n
configure:4399: result: no
configure:4407: checking if japanese support is enabled
configure:4416: result: no
configure:4430: checking which charset is used for display
configure:4438: result: UTF-8
configure:4499: checking for a thread-safe mkdir -p
configure:4538: result: ./install-sh -c -d
configure:4548: checking whether NLS is requested
configure:4557: result: yes
configure:4598: checking for msgfmt
configure:4633: result: no
configure:4639: checking for gmsgfmt
configure:4670: result: :
configure:4721: checking for xgettext
configure:4756: result: no
configure:4799: checking for msgmerge
configure:4833: result: no
configure:4887: checking for ld used by GCC
configure:4951: result: /Applications/Xcode.app/Contents/Developer/Toolchains/XcodeDefault.xctoolchain/usr/bin/ld
configure:4958: checking if the linker (/Applications/Xcode.app/Contents/Developer/Toolchains/XcodeDefault.xctoolchain/usr/bin/ld) is GNU ld
configure:4971: result: no
configure:4978: checking for shared library run path origin
configure:4991: result: done
configure:5012: checking for grep that handles long lines and -e
configure:5070: result: /usr/bin/grep
configure:5075: checking for egrep
configure:5137: result: /usr/bin/grep -E
configure:5695: checking for CFPreferencesCopyAppValue
configure:5713: gcc -o conftest -g -O2 -I$(srcdir)/libwc   conftest.c  -Wl,-framework -Wl,CoreFoundation >&5
configure:5713: $? = 0
configure:5722: result: yes
configure:5729: checking for CFLocaleCopyCurrent
configure:5747: gcc -o conftest -g -O2 -I$(srcdir)/libwc   conftest.c  -Wl,-framework -Wl,CoreFoundation >&5
configure:5747: $? = 0
configure:5756: result: yes
configure:5805: checking for GNU gettext in libc
configure:5825: gcc -o conftest -g -O2 -I$(srcdir)/libwc   conftest.c  >&5
conftest.c:23:10: fatal error: 'libintl.h' file not found
#include <libintl.h>
         ^
1 error generated.
configure:5825: $? = 1
configure: failed program was:
| /* confdefs.h */
| #define PACKAGE_NAME "w3m"
| #define PACKAGE_TARNAME "w3m"
| #define PACKAGE_VERSION "0.5.3"
| #define PACKAGE_STRING "w3m 0.5.3"
| #define PACKAGE_BUGREPORT "satodai@w3m.jp"
| #define PACKAGE_URL ""
| #define PACKAGE "w3m"
| #define VERSION "0.5.3"
| #define W3M w3m
| #define W3M_TARGET 
| #define USE_M17N 1
| #define USE_UNICODE 1
| #define W3M_LANG EN
| #define WCTARGET "libwc/libwc.a"
| #define WCCFLAGS "-DUSE_UNICODE -I$(srcdir) -I$(srcdir)/.."
| #define DISPLAY_CHARSET WC_CES_UTF_8
| #define SYSTEM_CHARSET WC_CES_UTF_8
| #define DOCUMENT_CHARSET WC_CES_UTF_8
| #define HAVE_CFPREFERENCESCOPYAPPVALUE 1
| #define HAVE_CFLOCALECOPYCURRENT 1
| /* end confdefs.h.  */
| #include <libintl.h>
| 
| extern int _nl_msg_cat_cntr;
| extern int *_nl_domain_bindings;
| int
| main ()
| {
| bindtextdomain ("", "");
| return * gettext ("") + _nl_msg_cat_cntr + *_nl_domain_bindings
|   ;
|   return 0;
| }
configure:5834: result: no
configure:5868: checking for iconv
configure:5890: gcc -o conftest -g -O2 -I$(srcdir)/libwc   conftest.c  >&5
Undefined symbols for architecture x86_64:
  "_iconv", referenced from:
      _main in conftest-b95146.o
  "_iconv_close", referenced from:
      _main in conftest-b95146.o
  "_iconv_open", referenced from:
      _main in conftest-b95146.o
ld: symbol(s) not found for architecture x86_64
clang: error: linker command failed with exit code 1 (use -v to see invocation)
configure:5890: $? = 1
configure: failed program was:
| /* confdefs.h */
| #define PACKAGE_NAME "w3m"
| #define PACKAGE_TARNAME "w3m"
| #define PACKAGE_VERSION "0.5.3"
| #define PACKAGE_STRING "w3m 0.5.3"
| #define PACKAGE_BUGREPORT "satodai@w3m.jp"
| #define PACKAGE_URL ""
| #define PACKAGE "w3m"
| #define VERSION "0.5.3"
| #define W3M w3m
| #define W3M_TARGET 
| #define USE_M17N 1
| #define USE_UNICODE 1
| #define W3M_LANG EN
| #define WCTARGET "libwc/libwc.a"
| #define WCCFLAGS "-DUSE_UNICODE -I$(srcdir) -I$(srcdir)/.."
| #define DISPLAY_CHARSET WC_CES_UTF_8
| #define SYSTEM_CHARSET WC_CES_UTF_8
| #define DOCUMENT_CHARSET WC_CES_UTF_8
| #define HAVE_CFPREFERENCESCOPYAPPVALUE 1
| #define HAVE_CFLOCALECOPYCURRENT 1
| /* end confdefs.h.  */
| #include <stdlib.h>
| #include <iconv.h>
| int
| main ()
| {
| iconv_t cd = iconv_open("","");
|        iconv(cd,NULL,NULL,NULL,NULL);
|        iconv_close(cd);
|   ;
|   return 0;
| }
configure:5912: gcc -o conftest -g -O2 -I$(srcdir)/libwc   conftest.c  -liconv >&5
configure:5912: $? = 0
configure:5922: result: yes
configure:5925: checking for working iconv
configure:6020: gcc -o conftest -g -O2 -I$(srcdir)/libwc   conftest.c  -liconv >&5
configure:6020: $? = 0
configure:6020: ./conftest
configure:6020: $? = 0
configure:6032: result: yes
configure:6047: checking how to link with libiconv
configure:6049: result: -liconv
configure:6521: checking for GNU gettext in libintl
configure:6549: gcc -o conftest -g -O2 -I$(srcdir)/libwc    conftest.c  -lintl >&5
conftest.c:24:10: fatal error: 'libintl.h' file not found
#include <libintl.h>
         ^
1 error generated.
configure:6549: $? = 1
configure: failed program was:
| /* confdefs.h */
| #define PACKAGE_NAME "w3m"
| #define PACKAGE_TARNAME "w3m"
| #define PACKAGE_VERSION "0.5.3"
| #define PACKAGE_STRING "w3m 0.5.3"
| #define PACKAGE_BUGREPORT "satodai@w3m.jp"
| #define PACKAGE_URL ""
| #define PACKAGE "w3m"
| #define VERSION "0.5.3"
| #define W3M w3m
| #define W3M_TARGET 
| #define USE_M17N 1
| #define USE_UNICODE 1
| #define W3M_LANG EN
| #define WCTARGET "libwc/libwc.a"
| #define WCCFLAGS "-DUSE_UNICODE -I$(srcdir) -I$(srcdir)/.."
| #define DISPLAY_CHARSET WC_CES_UTF_8
| #define SYSTEM_CHARSET WC_CES_UTF_8
| #define DOCUMENT_CHARSET WC_CES_UTF_8
| #define HAVE_CFPREFERENCESCOPYAPPVALUE 1
| #define HAVE_CFLOCALECOPYCURRENT 1
| #define HAVE_ICONV 1
| /* end confdefs.h.  */
| #include <libintl.h>
| 
| extern int _nl_msg_cat_cntr;
| extern
| #ifdef __cplusplus
| "C"
| #endif
| const char *_nl_expand_alias (const char *);
| int
| main ()
| {
| bindtextdomain ("", "");
| return * gettext ("") + _nl_msg_cat_cntr + *_nl_expand_alias ("")
|   ;
|   return 0;
| }
configure:6577: gcc -o conftest -g -O2 -I$(srcdir)/libwc    conftest.c  -lintl -liconv >&5
conftest.c:24:10: fatal error: 'libintl.h' file not found
#include <libintl.h>
         ^
1 error generated.
configure:6577: $? = 1
configure: failed program was:
| /* confdefs.h */
| #define PACKAGE_NAME "w3m"
| #define PACKAGE_TARNAME "w3m"
| #define PACKAGE_VERSION "0.5.3"
| #define PACKAGE_STRING "w3m 0.5.3"
| #define PACKAGE_BUGREPORT "satodai@w3m.jp"
| #define PACKAGE_URL ""
| #define PACKAGE "w3m"
| #define VERSION "0.5.3"
| #define W3M w3m
| #define W3M_TARGET 
| #define USE_M17N 1
| #define USE_UNICODE 1
| #define W3M_LANG EN
| #define WCTARGET "libwc/libwc.a"
| #define WCCFLAGS "-DUSE_UNICODE -I$(srcdir) -I$(srcdir)/.."
| #define DISPLAY_CHARSET WC_CES_UTF_8
| #define SYSTEM_CHARSET WC_CES_UTF_8
| #define DOCUMENT_CHARSET WC_CES_UTF_8
| #define HAVE_CFPREFERENCESCOPYAPPVALUE 1
| #define HAVE_CFLOCALECOPYCURRENT 1
| #define HAVE_ICONV 1
| /* end confdefs.h.  */
| #include <libintl.h>
| 
| extern int _nl_msg_cat_cntr;
| extern
| #ifdef __cplusplus
| "C"
| #endif
| const char *_nl_expand_alias (const char *);
| int
| main ()
| {
| bindtextdomain ("", "");
| return * gettext ("") + _nl_msg_cat_cntr + *_nl_expand_alias ("")
|   ;
|   return 0;
| }
configure:6590: result: no
configure:6625: checking whether to use NLS
configure:6627: result: no
configure:6708: checking if color escape sequence for kterm/pxvt is enabled
configure:6719: result: yes
configure:6722: checking if ansi color escape sequence support is enabled
configure:6733: result: yes
configure:6736: checking if background color support is enabled
configure:6747: result: yes
configure:6772: checking if image is enabled
configure:6781: result: yes
configure:6815: checking image library
configure:6828: result: gtk2 gdk-pixbuf imlib imlib2
configure:6879: WARNING: GdkPixbuf is not installed.  Install GdkPixbuf (version >= 2.0.0)
configure:6901: WARNING: GdkPixbuf is not installed.  Install GdkPixbuf (version >= 0.16.0)
configure:6923: WARNING: Imlib is not installed.  Install Imlib (version >= 1.9.8)
configure:6944: WARNING: Imlib2 is not installed.  Install Imlib2 (version >= 1.0.5)
configure:6990: WARNING: unable to build w3mimgdisplay with X11 support
configure:7061: checking if xface is enabled
configure:7072: result: yes
configure:7076: checking for uncompface
configure:7104: result: no
configure:7112: WARNING: uncompface is not installed.
configure:7118: checking default keymap
configure:7127: result: w3m
configure:7149: checking if popup menu is enabled
configure:7160: result: yes
configure:7163: checking if mouse operation enabled
configure:7174: result: yes
configure:7177: checking if URL history is enabled
configure:7188: result: yes
configure:7191: checking if alarm is enabled
configure:7200: result: yes
configure:7216: gcc -c -g -O2 -I$(srcdir)/libwc  conftest.c >&5
configure:7216: $? = 0
configure:7224: checking if cookie is enabled
configure:7235: result: yes
configure:7238: checking if nntp is enabled
configure:7249: result: yes
configure:7252: checking if gopher is enabled
configure:7263: result: no
configure:7267: checking if dictionary lookup is enabled
configure:7278: result: yes
configure:7281: checking if help cgi is enabled
configure:7292: result: yes
configure:7295: checking if external URI loader is enabled
configure:7306: result: yes
configure:7309: checking if w3mmail is used
configure:7321: result: yes
configure:7326: checking if migemo is supported with
configure:7338: result: migemo -t egrep /usr/local/share/migemo/migemo-dict
configure:7346: checking which editor is used by default
configure:7354: result: /usr/bin/vi
configure:7362: checking which mailer is used by default
configure:7370: result: /usr/bin/mail
configure:7378: checking which external browser is used by default
configure:7386: result: /usr/bin/mozilla
configure:7396: checking for -lbsd
configure:7407: result: not found
configure:7396: checking for -lBSD
configure:7407: result: not found
configure:7396: checking for -l44bsd
configure:7407: result: not found
configure:7396: checking for -lsocket
configure:7407: result: not found
configure:7396: checking for -lnsl
configure:7407: result: not found
configure:7396: checking for -ldld
configure:7407: result: not found
configure:7396: checking for -ldl
configure:7407: result: not found
configure:7411: checking if IPv6 support is enabled
configure:7420: result: yes
configure:7424: checking if IPv6 API available
configure:7427: checking for getaddrinfo
configure:7427: gcc -o conftest -g -O2 -I$(srcdir)/libwc   conftest.c  >&5
configure:7427: $? = 0
configure:7427: result: yes
configure:7493: checking if struct sockaddr_storage has an ss_family member
configure:7512: gcc -c -g -O2 -I$(srcdir)/libwc  conftest.c >&5
configure:7512: $? = 0
configure:7513: result: yes
configure:7608: checking for pkg-config
configure:7641: result: no
configure:7676: checking if SSL is suported
configure:7686: result: yes
configure:7691: checking for SSL
configure:7768: result: no
configure:7771: checking for SSL library/header
configure:7774: result: /usr/openssl /usr/ssl /usr /usr/local/openssl /usr/local/ssl /usr/local
configure:7798: checking for SSL_new in -lssl
configure:7823: gcc -o conftest -g -O2 -I$(srcdir)/libwc   conftest.c -lssl  -lcrypto  >&5
configure:7823: $? = 0
configure:7832: result: yes
configure:7844: checking if SSL certificate verify is enabled
configure:7855: result: yes
configure:7860: checking if digest auth is enabled
configure:7875: result: yes
configure:7879: checking for sqrt
configure:7879: gcc -o conftest -g -O2 -I$(srcdir)/libwc  -I/usr/include/openssl   conftest.c  >&5
conftest.c:82:6: warning: incompatible redeclaration of library function 'sqrt' [-Wincompatible-library-redeclaration]
char sqrt ();
     ^
conftest.c:82:6: note: 'sqrt' is a builtin with type 'double (double)'
1 warning generated.
configure:7879: $? = 0
configure:7879: result: yes
configure:7932: checking for Gpm_Open in -lgpm
configure:7957: gcc -o conftest -g -O2 -I$(srcdir)/libwc  -I/usr/include/openssl   conftest.c -lgpm   >&5
ld: library not found for -lgpm
clang: error: linker command failed with exit code 1 (use -v to see invocation)
configure:7957: $? = 1
configure: failed program was:
| /* confdefs.h */
| #define PACKAGE_NAME "w3m"
| #define PACKAGE_TARNAME "w3m"
| #define PACKAGE_VERSION "0.5.3"
| #define PACKAGE_STRING "w3m 0.5.3"
| #define PACKAGE_BUGREPORT "satodai@w3m.jp"
| #define PACKAGE_URL ""
| #define PACKAGE "w3m"
| #define VERSION "0.5.3"
| #define W3M w3m
| #define W3M_TARGET 
| #define USE_M17N 1
| #define USE_UNICODE 1
| #define W3M_LANG EN
| #define WCTARGET "libwc/libwc.a"
| #define WCCFLAGS "-DUSE_UNICODE -I$(srcdir) -I$(srcdir)/.."
| #define DISPLAY_CHARSET WC_CES_UTF_8
| #define SYSTEM_CHARSET WC_CES_UTF_8
| #define DOCUMENT_CHARSET WC_CES_UTF_8
| #define HAVE_CFPREFERENCESCOPYAPPVALUE 1
| #define HAVE_CFLOCALECOPYCURRENT 1
| #define HAVE_ICONV 1
| #define USE_COLOR 1
| #define USE_ANSI_COLOR 1
| #define USE_BG_COLOR 1
| #define INSTALL_W3MIMGDISPLAY $INSTALL_W3MIMGDISPLAY
| #define USE_IMAGE 1
| #define IMGTARGETS "$IMGTARGETS"
| #define IMGOBJS "$IMGOBJS"
| #define IMGX11CFLAGS "$IMGX11CFLAGS"
| #define IMGX11LDFLAGS "$IMGX11LDFLAGS"
| #define IMGFBCFLAGS "$IMGFBCFLAGS"
| #define IMGFBLDFLAGS "$IMGFBLDFLAGS"
| #define IMGLINK "$IMGLINK"
| #define IMGWINCFLAGS "$IMGWINCFLAGS"
| #define IMGWINLDFLAGS "$IMGWINLDFLAGS"
| #define USE_XFACE 1
| #define HELP_FILE "w3mhelp-w3m_en.html"
| #define KEYBIND w3m
| #define USE_MENU 1
| #define USE_MOUSE 1
| #define USE_HISTORY 1
| #define USE_ALARM 1
| #define USE_COOKIE 1
| #define USE_NNTP 1
| #define USE_DICT 1
| #define USE_HELP_CGI 1
| #define USE_EXTERNAL_URI_LOADER 1
| #define USE_W3MMAILER 1
| #define DEF_MIGEMO_COMMAND "migemo -t egrep /usr/local/share/migemo/migemo-dict"
| #define DEF_EDITOR "/usr/bin/vi"
| #define DEF_MAILER "/usr/bin/mail"
| #define DEF_EXT_BROWSER "/usr/bin/mozilla"
| #define INET6 1
| #define USE_SSL 1
| #define USE_SSL_VERIFY 1
| #define USE_DIGEST_AUTH 1
| /* end confdefs.h.  */
| 
| /* Override any GCC internal prototype to avoid an error.
|    Use char because int might match the return type of a GCC
|    builtin and then its argument prototype would still apply.  */
| #ifdef __cplusplus
| extern "C"
| #endif
| char Gpm_Open ();
| int
| main ()
| {
| return Gpm_Open ();
|   ;
|   return 0;
| }
configure:7966: result: no
configure:7980: gcc -E  conftest.c
conftest.c:59:10: fatal error: 'sys/consio.h' file not found
#include <sys/consio.h>
         ^
1 error generated.
configure:7980: $? = 1
configure: failed program was:
| /* confdefs.h */
| #define PACKAGE_NAME "w3m"
| #define PACKAGE_TARNAME "w3m"
| #define PACKAGE_VERSION "0.5.3"
| #define PACKAGE_STRING "w3m 0.5.3"
| #define PACKAGE_BUGREPORT "satodai@w3m.jp"
| #define PACKAGE_URL ""
| #define PACKAGE "w3m"
| #define VERSION "0.5.3"
| #define W3M w3m
| #define W3M_TARGET 
| #define USE_M17N 1
| #define USE_UNICODE 1
| #define W3M_LANG EN
| #define WCTARGET "libwc/libwc.a"
| #define WCCFLAGS "-DUSE_UNICODE -I$(srcdir) -I$(srcdir)/.."
| #define DISPLAY_CHARSET WC_CES_UTF_8
| #define SYSTEM_CHARSET WC_CES_UTF_8
| #define DOCUMENT_CHARSET WC_CES_UTF_8
| #define HAVE_CFPREFERENCESCOPYAPPVALUE 1
| #define HAVE_CFLOCALECOPYCURRENT 1
| #define HAVE_ICONV 1
| #define USE_COLOR 1
| #define USE_ANSI_COLOR 1
| #define USE_BG_COLOR 1
| #define INSTALL_W3MIMGDISPLAY $INSTALL_W3MIMGDISPLAY
| #define USE_IMAGE 1
| #define IMGTARGETS "$IMGTARGETS"
| #define IMGOBJS "$IMGOBJS"
| #define IMGX11CFLAGS "$IMGX11CFLAGS"
| #define IMGX11LDFLAGS "$IMGX11LDFLAGS"
| #define IMGFBCFLAGS "$IMGFBCFLAGS"
| #define IMGFBLDFLAGS "$IMGFBLDFLAGS"
| #define IMGLINK "$IMGLINK"
| #define IMGWINCFLAGS "$IMGWINCFLAGS"
| #define IMGWINLDFLAGS "$IMGWINLDFLAGS"
| #define USE_XFACE 1
| #define HELP_FILE "w3mhelp-w3m_en.html"
| #define KEYBIND w3m
| #define USE_MENU 1
| #define USE_MOUSE 1
| #define USE_HISTORY 1
| #define USE_ALARM 1
| #define USE_COOKIE 1
| #define USE_NNTP 1
| #define USE_DICT 1
| #define USE_HELP_CGI 1
| #define USE_EXTERNAL_URI_LOADER 1
| #define USE_W3MMAILER 1
| #define DEF_MIGEMO_COMMAND "migemo -t egrep /usr/local/share/migemo/migemo-dict"
| #define DEF_EDITOR "/usr/bin/vi"
| #define DEF_MAILER "/usr/bin/mail"
| #define DEF_EXT_BROWSER "/usr/bin/mozilla"
| #define INET6 1
| #define USE_SSL 1
| #define USE_SSL_VERIFY 1
| #define USE_DIGEST_AUTH 1
| /* end confdefs.h.  */
| #include <sys/consio.h>
|    MOUSE_GETINFO
configure:7989: gcc -E  conftest.c
conftest.c:59:10: fatal error: 'machine/console.h' file not found
#include <machine/console.h>
         ^
1 error generated.
configure:7989: $? = 1
configure: failed program was:
| /* confdefs.h */
| #define PACKAGE_NAME "w3m"
| #define PACKAGE_TARNAME "w3m"
| #define PACKAGE_VERSION "0.5.3"
| #define PACKAGE_STRING "w3m 0.5.3"
| #define PACKAGE_BUGREPORT "satodai@w3m.jp"
| #define PACKAGE_URL ""
| #define PACKAGE "w3m"
| #define VERSION "0.5.3"
| #define W3M w3m
| #define W3M_TARGET 
| #define USE_M17N 1
| #define USE_UNICODE 1
| #define W3M_LANG EN
| #define WCTARGET "libwc/libwc.a"
| #define WCCFLAGS "-DUSE_UNICODE -I$(srcdir) -I$(srcdir)/.."
| #define DISPLAY_CHARSET WC_CES_UTF_8
| #define SYSTEM_CHARSET WC_CES_UTF_8
| #define DOCUMENT_CHARSET WC_CES_UTF_8
| #define HAVE_CFPREFERENCESCOPYAPPVALUE 1
| #define HAVE_CFLOCALECOPYCURRENT 1
| #define HAVE_ICONV 1
| #define USE_COLOR 1
| #define USE_ANSI_COLOR 1
| #define USE_BG_COLOR 1
| #define INSTALL_W3MIMGDISPLAY $INSTALL_W3MIMGDISPLAY
| #define USE_IMAGE 1
| #define IMGTARGETS "$IMGTARGETS"
| #define IMGOBJS "$IMGOBJS"
| #define IMGX11CFLAGS "$IMGX11CFLAGS"
| #define IMGX11LDFLAGS "$IMGX11LDFLAGS"
| #define IMGFBCFLAGS "$IMGFBCFLAGS"
| #define IMGFBLDFLAGS "$IMGFBLDFLAGS"
| #define IMGLINK "$IMGLINK"
| #define IMGWINCFLAGS "$IMGWINCFLAGS"
| #define IMGWINLDFLAGS "$IMGWINLDFLAGS"
| #define USE_XFACE 1
| #define HELP_FILE "w3mhelp-w3m_en.html"
| #define KEYBIND w3m
| #define USE_MENU 1
| #define USE_MOUSE 1
| #define USE_HISTORY 1
| #define USE_ALARM 1
| #define USE_COOKIE 1
| #define USE_NNTP 1
| #define USE_DICT 1
| #define USE_HELP_CGI 1
| #define USE_EXTERNAL_URI_LOADER 1
| #define USE_W3MMAILER 1
| #define DEF_MIGEMO_COMMAND "migemo -t egrep /usr/local/share/migemo/migemo-dict"
| #define DEF_EDITOR "/usr/bin/vi"
| #define DEF_MAILER "/usr/bin/mail"
| #define DEF_EXT_BROWSER "/usr/bin/mozilla"
| #define INET6 1
| #define USE_SSL 1
| #define USE_SSL_VERIFY 1
| #define USE_DIGEST_AUTH 1
| /* end confdefs.h.  */
| #include <machine/console.h>
|       MOUSE_GETINFO
configure:7998: checking terminal library
configure:8008: result: yes
configure:8013: checking for tgetent in -lterminfo
configure:8038: gcc -o conftest -g -O2 -I$(srcdir)/libwc  -I/usr/include/openssl   conftest.c -lterminfo   >&5
ld: library not found for -lterminfo
clang: error: linker command failed with exit code 1 (use -v to see invocation)
configure:8038: $? = 1
configure: failed program was:
| /* confdefs.h */
| #define PACKAGE_NAME "w3m"
| #define PACKAGE_TARNAME "w3m"
| #define PACKAGE_VERSION "0.5.3"
| #define PACKAGE_STRING "w3m 0.5.3"
| #define PACKAGE_BUGREPORT "satodai@w3m.jp"
| #define PACKAGE_URL ""
| #define PACKAGE "w3m"
| #define VERSION "0.5.3"
| #define W3M w3m
| #define W3M_TARGET 
| #define USE_M17N 1
| #define USE_UNICODE 1
| #define W3M_LANG EN
| #define WCTARGET "libwc/libwc.a"
| #define WCCFLAGS "-DUSE_UNICODE -I$(srcdir) -I$(srcdir)/.."
| #define DISPLAY_CHARSET WC_CES_UTF_8
| #define SYSTEM_CHARSET WC_CES_UTF_8
| #define DOCUMENT_CHARSET WC_CES_UTF_8
| #define HAVE_CFPREFERENCESCOPYAPPVALUE 1
| #define HAVE_CFLOCALECOPYCURRENT 1
| #define HAVE_ICONV 1
| #define USE_COLOR 1
| #define USE_ANSI_COLOR 1
| #define USE_BG_COLOR 1
| #define INSTALL_W3MIMGDISPLAY $INSTALL_W3MIMGDISPLAY
| #define USE_IMAGE 1
| #define IMGTARGETS "$IMGTARGETS"
| #define IMGOBJS "$IMGOBJS"
| #define IMGX11CFLAGS "$IMGX11CFLAGS"
| #define IMGX11LDFLAGS "$IMGX11LDFLAGS"
| #define IMGFBCFLAGS "$IMGFBCFLAGS"
| #define IMGFBLDFLAGS "$IMGFBLDFLAGS"
| #define IMGLINK "$IMGLINK"
| #define IMGWINCFLAGS "$IMGWINCFLAGS"
| #define IMGWINLDFLAGS "$IMGWINLDFLAGS"
| #define USE_XFACE 1
| #define HELP_FILE "w3mhelp-w3m_en.html"
| #define KEYBIND w3m
| #define USE_MENU 1
| #define USE_MOUSE 1
| #define USE_HISTORY 1
| #define USE_ALARM 1
| #define USE_COOKIE 1
| #define USE_NNTP 1
| #define USE_DICT 1
| #define USE_HELP_CGI 1
| #define USE_EXTERNAL_URI_LOADER 1
| #define USE_W3MMAILER 1
| #define DEF_MIGEMO_COMMAND "migemo -t egrep /usr/local/share/migemo/migemo-dict"
| #define DEF_EDITOR "/usr/bin/vi"
| #define DEF_MAILER "/usr/bin/mail"
| #define DEF_EXT_BROWSER "/usr/bin/mozilla"
| #define INET6 1
| #define USE_SSL 1
| #define USE_SSL_VERIFY 1
| #define USE_DIGEST_AUTH 1
| /* end confdefs.h.  */
| 
| /* Override any GCC internal prototype to avoid an error.
|    Use char because int might match the return type of a GCC
|    builtin and then its argument prototype would still apply.  */
| #ifdef __cplusplus
| extern "C"
| #endif
| char tgetent ();
| int
| main ()
| {
| return tgetent ();
|   ;
|   return 0;
| }
configure:8048: result: no
configure:8013: checking for tgetent in -lmytinfo
configure:8038: gcc -o conftest -g -O2 -I$(srcdir)/libwc  -I/usr/include/openssl   conftest.c -lmytinfo   >&5
ld: library not found for -lmytinfo
clang: error: linker command failed with exit code 1 (use -v to see invocation)
configure:8038: $? = 1
configure: failed program was:
| /* confdefs.h */
| #define PACKAGE_NAME "w3m"
| #define PACKAGE_TARNAME "w3m"
| #define PACKAGE_VERSION "0.5.3"
| #define PACKAGE_STRING "w3m 0.5.3"
| #define PACKAGE_BUGREPORT "satodai@w3m.jp"
| #define PACKAGE_URL ""
| #define PACKAGE "w3m"
| #define VERSION "0.5.3"
| #define W3M w3m
| #define W3M_TARGET 
| #define USE_M17N 1
| #define USE_UNICODE 1
| #define W3M_LANG EN
| #define WCTARGET "libwc/libwc.a"
| #define WCCFLAGS "-DUSE_UNICODE -I$(srcdir) -I$(srcdir)/.."
| #define DISPLAY_CHARSET WC_CES_UTF_8
| #define SYSTEM_CHARSET WC_CES_UTF_8
| #define DOCUMENT_CHARSET WC_CES_UTF_8
| #define HAVE_CFPREFERENCESCOPYAPPVALUE 1
| #define HAVE_CFLOCALECOPYCURRENT 1
| #define HAVE_ICONV 1
| #define USE_COLOR 1
| #define USE_ANSI_COLOR 1
| #define USE_BG_COLOR 1
| #define INSTALL_W3MIMGDISPLAY $INSTALL_W3MIMGDISPLAY
| #define USE_IMAGE 1
| #define IMGTARGETS "$IMGTARGETS"
| #define IMGOBJS "$IMGOBJS"
| #define IMGX11CFLAGS "$IMGX11CFLAGS"
| #define IMGX11LDFLAGS "$IMGX11LDFLAGS"
| #define IMGFBCFLAGS "$IMGFBCFLAGS"
| #define IMGFBLDFLAGS "$IMGFBLDFLAGS"
| #define IMGLINK "$IMGLINK"
| #define IMGWINCFLAGS "$IMGWINCFLAGS"
| #define IMGWINLDFLAGS "$IMGWINLDFLAGS"
| #define USE_XFACE 1
| #define HELP_FILE "w3mhelp-w3m_en.html"
| #define KEYBIND w3m
| #define USE_MENU 1
| #define USE_MOUSE 1
| #define USE_HISTORY 1
| #define USE_ALARM 1
| #define USE_COOKIE 1
| #define USE_NNTP 1
| #define USE_DICT 1
| #define USE_HELP_CGI 1
| #define USE_EXTERNAL_URI_LOADER 1
| #define USE_W3MMAILER 1
| #define DEF_MIGEMO_COMMAND "migemo -t egrep /usr/local/share/migemo/migemo-dict"
| #define DEF_EDITOR "/usr/bin/vi"
| #define DEF_MAILER "/usr/bin/mail"
| #define DEF_EXT_BROWSER "/usr/bin/mozilla"
| #define INET6 1
| #define USE_SSL 1
| #define USE_SSL_VERIFY 1
| #define USE_DIGEST_AUTH 1
| /* end confdefs.h.  */
| 
| /* Override any GCC internal prototype to avoid an error.
|    Use char because int might match the return type of a GCC
|    builtin and then its argument prototype would still apply.  */
| #ifdef __cplusplus
| extern "C"
| #endif
| char tgetent ();
| int
| main ()
| {
| return tgetent ();
|   ;
|   return 0;
| }
configure:8048: result: no
configure:8013: checking for tgetent in -ltermlib
configure:8038: gcc -o conftest -g -O2 -I$(srcdir)/libwc  -I/usr/include/openssl   conftest.c -ltermlib   >&5
ld: library not found for -ltermlib
clang: error: linker command failed with exit code 1 (use -v to see invocation)
configure:8038: $? = 1
configure: failed program was:
| /* confdefs.h */
| #define PACKAGE_NAME "w3m"
| #define PACKAGE_TARNAME "w3m"
| #define PACKAGE_VERSION "0.5.3"
| #define PACKAGE_STRING "w3m 0.5.3"
| #define PACKAGE_BUGREPORT "satodai@w3m.jp"
| #define PACKAGE_URL ""
| #define PACKAGE "w3m"
| #define VERSION "0.5.3"
| #define W3M w3m
| #define W3M_TARGET 
| #define USE_M17N 1
| #define USE_UNICODE 1
| #define W3M_LANG EN
| #define WCTARGET "libwc/libwc.a"
| #define WCCFLAGS "-DUSE_UNICODE -I$(srcdir) -I$(srcdir)/.."
| #define DISPLAY_CHARSET WC_CES_UTF_8
| #define SYSTEM_CHARSET WC_CES_UTF_8
| #define DOCUMENT_CHARSET WC_CES_UTF_8
| #define HAVE_CFPREFERENCESCOPYAPPVALUE 1
| #define HAVE_CFLOCALECOPYCURRENT 1
| #define HAVE_ICONV 1
| #define USE_COLOR 1
| #define USE_ANSI_COLOR 1
| #define USE_BG_COLOR 1
| #define INSTALL_W3MIMGDISPLAY $INSTALL_W3MIMGDISPLAY
| #define USE_IMAGE 1
| #define IMGTARGETS "$IMGTARGETS"
| #define IMGOBJS "$IMGOBJS"
| #define IMGX11CFLAGS "$IMGX11CFLAGS"
| #define IMGX11LDFLAGS "$IMGX11LDFLAGS"
| #define IMGFBCFLAGS "$IMGFBCFLAGS"
| #define IMGFBLDFLAGS "$IMGFBLDFLAGS"
| #define IMGLINK "$IMGLINK"
| #define IMGWINCFLAGS "$IMGWINCFLAGS"
| #define IMGWINLDFLAGS "$IMGWINLDFLAGS"
| #define USE_XFACE 1
| #define HELP_FILE "w3mhelp-w3m_en.html"
| #define KEYBIND w3m
| #define USE_MENU 1
| #define USE_MOUSE 1
| #define USE_HISTORY 1
| #define USE_ALARM 1
| #define USE_COOKIE 1
| #define USE_NNTP 1
| #define USE_DICT 1
| #define USE_HELP_CGI 1
| #define USE_EXTERNAL_URI_LOADER 1
| #define USE_W3MMAILER 1
| #define DEF_MIGEMO_COMMAND "migemo -t egrep /usr/local/share/migemo/migemo-dict"
| #define DEF_EDITOR "/usr/bin/vi"
| #define DEF_MAILER "/usr/bin/mail"
| #define DEF_EXT_BROWSER "/usr/bin/mozilla"
| #define INET6 1
| #define USE_SSL 1
| #define USE_SSL_VERIFY 1
| #define USE_DIGEST_AUTH 1
| /* end confdefs.h.  */
| 
| /* Override any GCC internal prototype to avoid an error.
|    Use char because int might match the return type of a GCC
|    builtin and then its argument prototype would still apply.  */
| #ifdef __cplusplus
| extern "C"
| #endif
| char tgetent ();
| int
| main ()
| {
| return tgetent ();
|   ;
|   return 0;
| }
configure:8048: result: no
configure:8013: checking for tgetent in -ltermcap
configure:8038: gcc -o conftest -g -O2 -I$(srcdir)/libwc  -I/usr/include/openssl   conftest.c -ltermcap   >&5
configure:8038: $? = 0
configure:8048: result: yes
configure:8056: checking for ANSI C header files
configure:8076: gcc -c -g -O2 -I$(srcdir)/libwc  -I/usr/include/openssl  conftest.c >&5
configure:8076: $? = 0
configure:8149: gcc -o conftest -g -O2 -I$(srcdir)/libwc  -I/usr/include/openssl   conftest.c  >&5
configure:8149: $? = 0
configure:8149: ./conftest
configure:8149: $? = 0
configure:8160: result: yes
configure:8173: checking for sys/types.h
configure:8173: gcc -c -g -O2 -I$(srcdir)/libwc  -I/usr/include/openssl  conftest.c >&5
configure:8173: $? = 0
configure:8173: result: yes
configure:8173: checking for sys/stat.h
configure:8173: gcc -c -g -O2 -I$(srcdir)/libwc  -I/usr/include/openssl  conftest.c >&5
configure:8173: $? = 0
configure:8173: result: yes
configure:8173: checking for stdlib.h
configure:8173: gcc -c -g -O2 -I$(srcdir)/libwc  -I/usr/include/openssl  conftest.c >&5
configure:8173: $? = 0
configure:8173: result: yes
configure:8173: checking for string.h
configure:8173: gcc -c -g -O2 -I$(srcdir)/libwc  -I/usr/include/openssl  conftest.c >&5
configure:8173: $? = 0
configure:8173: result: yes
configure:8173: checking for memory.h
configure:8173: gcc -c -g -O2 -I$(srcdir)/libwc  -I/usr/include/openssl  conftest.c >&5
configure:8173: $? = 0
configure:8173: result: yes
configure:8173: checking for strings.h
configure:8173: gcc -c -g -O2 -I$(srcdir)/libwc  -I/usr/include/openssl  conftest.c >&5
configure:8173: $? = 0
configure:8173: result: yes
configure:8173: checking for inttypes.h
configure:8173: gcc -c -g -O2 -I$(srcdir)/libwc  -I/usr/include/openssl  conftest.c >&5
configure:8173: $? = 0
configure:8173: result: yes
configure:8173: checking for stdint.h
configure:8173: gcc -c -g -O2 -I$(srcdir)/libwc  -I/usr/include/openssl  conftest.c >&5
configure:8173: $? = 0
configure:8173: result: yes
configure:8173: checking for unistd.h
configure:8173: gcc -c -g -O2 -I$(srcdir)/libwc  -I/usr/include/openssl  conftest.c >&5
configure:8173: $? = 0
configure:8173: result: yes
configure:8185: checking GC library exists
configure:8196: result: yes
configure:8200: checking gc.h usability
configure:8200: gcc -c -g -O2 -I$(srcdir)/libwc  -I/usr/include/openssl  conftest.c >&5
configure:8200: $? = 0
configure:8200: result: yes
configure:8200: checking gc.h presence
configure:8200: gcc -E  conftest.c
configure:8200: $? = 0
configure:8200: result: yes
configure:8200: checking for gc.h
configure:8200: result: yes
configure:8236: checking for GC_init in -lgc
configure:8261: gcc -o conftest -g -O2 -I$(srcdir)/libwc  -I/usr/include/openssl   conftest.c -lgc   >&5
configure:8261: $? = 0
configure:8270: result: yes
configure:8334: checking for zError in -lz
configure:8359: gcc -o conftest -g -O2 -I$(srcdir)/libwc  -I/usr/include/openssl   conftest.c -lz   >&5
configure:8359: $? = 0
configure:8368: result: yes
configure:8375: checking for socklen_t
configure:8375: gcc -c -g -O2 -I$(srcdir)/libwc  -I/usr/include/openssl  conftest.c >&5
configure:8375: $? = 0
configure:8375: gcc -c -g -O2 -I$(srcdir)/libwc  -I/usr/include/openssl  conftest.c >&5
conftest.c:75:24: error: expected expression
if (sizeof ((socklen_t)))
                       ^
1 error generated.
configure:8375: $? = 1
configure: failed program was:
| /* confdefs.h */
| #define PACKAGE_NAME "w3m"
| #define PACKAGE_TARNAME "w3m"
| #define PACKAGE_VERSION "0.5.3"
| #define PACKAGE_STRING "w3m 0.5.3"
| #define PACKAGE_BUGREPORT "satodai@w3m.jp"
| #define PACKAGE_URL ""
| #define PACKAGE "w3m"
| #define VERSION "0.5.3"
| #define W3M w3m
| #define W3M_TARGET 
| #define USE_M17N 1
| #define USE_UNICODE 1
| #define W3M_LANG EN
| #define WCTARGET "libwc/libwc.a"
| #define WCCFLAGS "-DUSE_UNICODE -I$(srcdir) -I$(srcdir)/.."
| #define DISPLAY_CHARSET WC_CES_UTF_8
| #define SYSTEM_CHARSET WC_CES_UTF_8
| #define DOCUMENT_CHARSET WC_CES_UTF_8
| #define HAVE_CFPREFERENCESCOPYAPPVALUE 1
| #define HAVE_CFLOCALECOPYCURRENT 1
| #define HAVE_ICONV 1
| #define USE_COLOR 1
| #define USE_ANSI_COLOR 1
| #define USE_BG_COLOR 1
| #define INSTALL_W3MIMGDISPLAY $INSTALL_W3MIMGDISPLAY
| #define USE_IMAGE 1
| #define IMGTARGETS "$IMGTARGETS"
| #define IMGOBJS "$IMGOBJS"
| #define IMGX11CFLAGS "$IMGX11CFLAGS"
| #define IMGX11LDFLAGS "$IMGX11LDFLAGS"
| #define IMGFBCFLAGS "$IMGFBCFLAGS"
| #define IMGFBLDFLAGS "$IMGFBLDFLAGS"
| #define IMGLINK "$IMGLINK"
| #define IMGWINCFLAGS "$IMGWINCFLAGS"
| #define IMGWINLDFLAGS "$IMGWINLDFLAGS"
| #define USE_XFACE 1
| #define HELP_FILE "w3mhelp-w3m_en.html"
| #define KEYBIND w3m
| #define USE_MENU 1
| #define USE_MOUSE 1
| #define USE_HISTORY 1
| #define USE_ALARM 1
| #define USE_COOKIE 1
| #define USE_NNTP 1
| #define USE_DICT 1
| #define USE_HELP_CGI 1
| #define USE_EXTERNAL_URI_LOADER 1
| #define USE_W3MMAILER 1
| #define DEF_MIGEMO_COMMAND "migemo -t egrep /usr/local/share/migemo/migemo-dict"
| #define DEF_EDITOR "/usr/bin/vi"
| #define DEF_MAILER "/usr/bin/mail"
| #define DEF_EXT_BROWSER "/usr/bin/mozilla"
| #define INET6 1
| #define USE_SSL 1
| #define USE_SSL_VERIFY 1
| #define USE_DIGEST_AUTH 1
| #define STDC_HEADERS 1
| #define HAVE_SYS_TYPES_H 1
| #define HAVE_SYS_STAT_H 1
| #define HAVE_STDLIB_H 1
| #define HAVE_STRING_H 1
| #define HAVE_MEMORY_H 1
| #define HAVE_STRINGS_H 1
| #define HAVE_INTTYPES_H 1
| #define HAVE_STDINT_H 1
| #define HAVE_UNISTD_H 1
| /* end confdefs.h.  */
| #include <sys/types.h>
| 	  #include <sys/socket.h>
| 
| int
| main ()
| {
| if (sizeof ((socklen_t)))
| 	    return 0;
|   ;
|   return 0;
| }
configure:8375: result: yes
configure:8398: checking for dirent.h that defines DIR
configure:8417: gcc -c -g -O2 -I$(srcdir)/libwc  -I/usr/include/openssl  conftest.c >&5
configure:8417: $? = 0
configure:8425: result: yes
configure:8438: checking for library containing opendir
configure:8469: gcc -o conftest -g -O2 -I$(srcdir)/libwc  -I/usr/include/openssl   conftest.c  >&5
configure:8469: $? = 0
configure:8486: result: none required
configure:8553: checking for ANSI C header files
configure:8657: result: yes
configure:8665: checking for sys/wait.h that is POSIX.1 compatible
configure:8691: gcc -c -g -O2 -I$(srcdir)/libwc  -I/usr/include/openssl  conftest.c >&5
configure:8691: $? = 0
configure:8698: result: yes
configure:8706: checking termios.h usability
configure:8706: gcc -c -g -O2 -I$(srcdir)/libwc  -I/usr/include/openssl  conftest.c >&5
configure:8706: $? = 0
configure:8706: result: yes
configure:8706: checking termios.h presence
configure:8706: gcc -E  conftest.c
configure:8706: $? = 0
configure:8706: result: yes
configure:8706: checking for termios.h
configure:8706: result: yes
configure:8729: checking float.h usability
configure:8729: gcc -c -g -O2 -I$(srcdir)/libwc  -I/usr/include/openssl  conftest.c >&5
configure:8729: $? = 0
configure:8729: result: yes
configure:8729: checking float.h presence
configure:8729: gcc -E  conftest.c
configure:8729: $? = 0
configure:8729: result: yes
configure:8729: checking for float.h
configure:8729: result: yes
configure:8736: checking sys/select.h usability
configure:8736: gcc -c -g -O2 -I$(srcdir)/libwc  -I/usr/include/openssl  conftest.c >&5
configure:8736: $? = 0
configure:8736: result: yes
configure:8736: checking sys/select.h presence
configure:8736: gcc -E  conftest.c
configure:8736: $? = 0
configure:8736: result: yes
configure:8736: checking for sys/select.h
configure:8736: result: yes
configure:8743: checking locale.h usability
configure:8743: gcc -c -g -O2 -I$(srcdir)/libwc  -I/usr/include/openssl  conftest.c >&5
configure:8743: $? = 0
configure:8743: result: yes
configure:8743: checking locale.h presence
configure:8743: gcc -E  conftest.c
configure:8743: $? = 0
configure:8743: result: yes
configure:8743: checking for locale.h
configure:8743: result: yes
configure:8750: checking for stdint.h
configure:8750: result: yes
configure:8757: checking for inttypes.h
configure:8757: result: yes
configure:8769: checking size of long long
configure:8774: gcc -o conftest -g -O2 -I$(srcdir)/libwc  -I/usr/include/openssl   conftest.c  >&5
configure:8774: $? = 0
configure:8774: ./conftest
configure:8774: $? = 0
configure:8788: result: 8
configure:8802: checking for strcasecmp
configure:8802: gcc -o conftest -g -O2 -I$(srcdir)/libwc  -I/usr/include/openssl   conftest.c  >&5
conftest.c:104:6: warning: incompatible redeclaration of library function 'strcasecmp' [-Wincompatible-library-redeclaration]
char strcasecmp ();
     ^
conftest.c:104:6: note: 'strcasecmp' is a builtin with type 'int (const char *, const char *)'
1 warning generated.
configure:8802: $? = 0
configure:8802: result: yes
configure:8802: checking for strcasestr
configure:8802: gcc -o conftest -g -O2 -I$(srcdir)/libwc  -I/usr/include/openssl   conftest.c  >&5
configure:8802: $? = 0
configure:8802: result: yes
configure:8802: checking for strchr
configure:8802: gcc -o conftest -g -O2 -I$(srcdir)/libwc  -I/usr/include/openssl   conftest.c  >&5
conftest.c:106:6: warning: incompatible redeclaration of library function 'strchr' [-Wincompatible-library-redeclaration]
char strchr ();
     ^
conftest.c:106:6: note: 'strchr' is a builtin with type 'char *(const char *, int)'
1 warning generated.
configure:8802: $? = 0
configure:8802: result: yes
configure:8802: checking for memcpy
configure:8802: gcc -o conftest -g -O2 -I$(srcdir)/libwc  -I/usr/include/openssl   conftest.c  >&5
conftest.c:107:6: warning: incompatible redeclaration of library function 'memcpy' [-Wincompatible-library-redeclaration]
char memcpy ();
     ^
conftest.c:107:6: note: 'memcpy' is a builtin with type 'void *(void *, const void *, unsigned long)'
1 warning generated.
configure:8802: $? = 0
configure:8802: result: yes
configure:8802: checking for strerror
configure:8802: gcc -o conftest -g -O2 -I$(srcdir)/libwc  -I/usr/include/openssl   conftest.c  >&5
conftest.c:108:6: warning: incompatible redeclaration of library function 'strerror' [-Wincompatible-library-redeclaration]
char strerror ();
     ^
conftest.c:108:6: note: 'strerror' is a builtin with type 'char *(int)'
1 warning generated.
configure:8802: $? = 0
configure:8802: result: yes
configure:8802: checking for bcopy
configure:8802: gcc -o conftest -g -O2 -I$(srcdir)/libwc  -I/usr/include/openssl   conftest.c  >&5
configure:8802: $? = 0
configure:8802: result: yes
configure:8802: checking for setpgrp
configure:8802: gcc -o conftest -g -O2 -I$(srcdir)/libwc  -I/usr/include/openssl   conftest.c  >&5
configure:8802: $? = 0
configure:8802: result: yes
configure:8802: checking for chdir
configure:8802: gcc -o conftest -g -O2 -I$(srcdir)/libwc  -I/usr/include/openssl   conftest.c  >&5
configure:8802: $? = 0
configure:8802: result: yes
configure:8802: checking for getcwd
configure:8802: gcc -o conftest -g -O2 -I$(srcdir)/libwc  -I/usr/include/openssl   conftest.c  >&5
configure:8802: $? = 0
configure:8802: result: yes
configure:8802: checking for getwd
configure:8802: gcc -o conftest -g -O2 -I$(srcdir)/libwc  -I/usr/include/openssl   conftest.c  >&5
configure:8802: $? = 0
configure:8802: result: yes
configure:8802: checking for readlink
configure:8802: gcc -o conftest -g -O2 -I$(srcdir)/libwc  -I/usr/include/openssl   conftest.c  >&5
configure:8802: $? = 0
configure:8802: result: yes
configure:8802: checking for setenv
configure:8802: gcc -o conftest -g -O2 -I$(srcdir)/libwc  -I/usr/include/openssl   conftest.c  >&5
configure:8802: $? = 0
configure:8802: result: yes
configure:8802: checking for putenv
configure:8802: gcc -o conftest -g -O2 -I$(srcdir)/libwc  -I/usr/include/openssl   conftest.c  >&5
configure:8802: $? = 0
configure:8802: result: yes
configure:8802: checking for strtoll
configure:8802: gcc -o conftest -g -O2 -I$(srcdir)/libwc  -I/usr/include/openssl   conftest.c  >&5
configure:8802: $? = 0
configure:8802: result: yes
configure:8802: checking for stroq
configure:8802: gcc -o conftest -g -O2 -I$(srcdir)/libwc  -I/usr/include/openssl   conftest.c  >&5
Undefined symbols for architecture x86_64:
  "_stroq", referenced from:
      _main in conftest-37e587.o
ld: symbol(s) not found for architecture x86_64
clang: error: linker command failed with exit code 1 (use -v to see invocation)
configure:8802: $? = 1
configure: failed program was:
| /* confdefs.h */
| #define PACKAGE_NAME "w3m"
| #define PACKAGE_TARNAME "w3m"
| #define PACKAGE_VERSION "0.5.3"
| #define PACKAGE_STRING "w3m 0.5.3"
| #define PACKAGE_BUGREPORT "satodai@w3m.jp"
| #define PACKAGE_URL ""
| #define PACKAGE "w3m"
| #define VERSION "0.5.3"
| #define W3M w3m
| #define W3M_TARGET 
| #define USE_M17N 1
| #define USE_UNICODE 1
| #define W3M_LANG EN
| #define WCTARGET "libwc/libwc.a"
| #define WCCFLAGS "-DUSE_UNICODE -I$(srcdir) -I$(srcdir)/.."
| #define DISPLAY_CHARSET WC_CES_UTF_8
| #define SYSTEM_CHARSET WC_CES_UTF_8
| #define DOCUMENT_CHARSET WC_CES_UTF_8
| #define HAVE_CFPREFERENCESCOPYAPPVALUE 1
| #define HAVE_CFLOCALECOPYCURRENT 1
| #define HAVE_ICONV 1
| #define USE_COLOR 1
| #define USE_ANSI_COLOR 1
| #define USE_BG_COLOR 1
| #define INSTALL_W3MIMGDISPLAY $INSTALL_W3MIMGDISPLAY
| #define USE_IMAGE 1
| #define IMGTARGETS "$IMGTARGETS"
| #define IMGOBJS "$IMGOBJS"
| #define IMGX11CFLAGS "$IMGX11CFLAGS"
| #define IMGX11LDFLAGS "$IMGX11LDFLAGS"
| #define IMGFBCFLAGS "$IMGFBCFLAGS"
| #define IMGFBLDFLAGS "$IMGFBLDFLAGS"
| #define IMGLINK "$IMGLINK"
| #define IMGWINCFLAGS "$IMGWINCFLAGS"
| #define IMGWINLDFLAGS "$IMGWINLDFLAGS"
| #define USE_XFACE 1
| #define HELP_FILE "w3mhelp-w3m_en.html"
| #define KEYBIND w3m
| #define USE_MENU 1
| #define USE_MOUSE 1
| #define USE_HISTORY 1
| #define USE_ALARM 1
| #define USE_COOKIE 1
| #define USE_NNTP 1
| #define USE_DICT 1
| #define USE_HELP_CGI 1
| #define USE_EXTERNAL_URI_LOADER 1
| #define USE_W3MMAILER 1
| #define DEF_MIGEMO_COMMAND "migemo -t egrep /usr/local/share/migemo/migemo-dict"
| #define DEF_EDITOR "/usr/bin/vi"
| #define DEF_MAILER "/usr/bin/mail"
| #define DEF_EXT_BROWSER "/usr/bin/mozilla"
| #define INET6 1
| #define USE_SSL 1
| #define USE_SSL_VERIFY 1
| #define USE_DIGEST_AUTH 1
| #define STDC_HEADERS 1
| #define HAVE_SYS_TYPES_H 1
| #define HAVE_SYS_STAT_H 1
| #define HAVE_STDLIB_H 1
| #define HAVE_STRING_H 1
| #define HAVE_MEMORY_H 1
| #define HAVE_STRINGS_H 1
| #define HAVE_INTTYPES_H 1
| #define HAVE_STDINT_H 1
| #define HAVE_UNISTD_H 1
| #define HAVE_SOCKLEN_T 1
| #define AUXBIN_TARGETS "$AUXBIN_TARGETS"
| #define HAVE_DIRENT_H 1
| #define STDC_HEADERS 1
| #define HAVE_SYS_WAIT_H 1
| #define HAVE_TERMIOS_H 1
| #define HAVE_FLOAT_H 1
| #define HAVE_SYS_SELECT_H 1
| #define HAVE_LOCALE_H 1
| #define HAVE_STDINT_H 1
| #define HAVE_INTTYPES_H 1
| #define SIZEOF_LONG_LONG 8
| #define HAVE_STRCASECMP 1
| #define HAVE_STRCASESTR 1
| #define HAVE_STRCHR 1
| #define HAVE_MEMCPY 1
| #define HAVE_STRERROR 1
| #define HAVE_BCOPY 1
| #define HAVE_SETPGRP 1
| #define HAVE_CHDIR 1
| #define HAVE_GETCWD 1
| #define HAVE_GETWD 1
| #define HAVE_READLINK 1
| #define HAVE_SETENV 1
| #define HAVE_PUTENV 1
| #define HAVE_STRTOLL 1
| /* end confdefs.h.  */
| /* Define stroq to an innocuous variant, in case <limits.h> declares stroq.
|    For example, HP-UX 11i <limits.h> declares gettimeofday.  */
| #define stroq innocuous_stroq
| 
| /* System header to define __stub macros and hopefully few prototypes,
|     which can conflict with char stroq (); below.
|     Prefer <limits.h> to <assert.h> if __STDC__ is defined, since
|     <limits.h> exists even on freestanding compilers.  */
| 
| #ifdef __STDC__
| # include <limits.h>
| #else
| # include <assert.h>
| #endif
| 
| #undef stroq
| 
| /* Override any GCC internal prototype to avoid an error.
|    Use char because int might match the return type of a GCC
|    builtin and then its argument prototype would still apply.  */
| #ifdef __cplusplus
| extern "C"
| #endif
| char stroq ();
| /* The GNU C library defines this for functions which it implements
|     to always fail with ENOSYS.  Some functions are actually named
|     something starting with __ and the normal name is an alias.  */
| #if defined __stub_stroq || defined __stub___stroq
| choke me
| #endif
| 
| int
| main ()
| {
| return stroq ();
|   ;
|   return 0;
| }
configure:8802: result: no
configure:8802: checking for atoll
configure:8802: gcc -o conftest -g -O2 -I$(srcdir)/libwc  -I/usr/include/openssl   conftest.c  >&5
configure:8802: $? = 0
configure:8802: result: yes
configure:8802: checking for atoq
configure:8802: gcc -o conftest -g -O2 -I$(srcdir)/libwc  -I/usr/include/openssl   conftest.c  >&5
Undefined symbols for architecture x86_64:
  "_atoq", referenced from:
      _main in conftest-4b6c4d.o
ld: symbol(s) not found for architecture x86_64
clang: error: linker command failed with exit code 1 (use -v to see invocation)
configure:8802: $? = 1
configure: failed program was:
| /* confdefs.h */
| #define PACKAGE_NAME "w3m"
| #define PACKAGE_TARNAME "w3m"
| #define PACKAGE_VERSION "0.5.3"
| #define PACKAGE_STRING "w3m 0.5.3"
| #define PACKAGE_BUGREPORT "satodai@w3m.jp"
| #define PACKAGE_URL ""
| #define PACKAGE "w3m"
| #define VERSION "0.5.3"
| #define W3M w3m
| #define W3M_TARGET 
| #define USE_M17N 1
| #define USE_UNICODE 1
| #define W3M_LANG EN
| #define WCTARGET "libwc/libwc.a"
| #define WCCFLAGS "-DUSE_UNICODE -I$(srcdir) -I$(srcdir)/.."
| #define DISPLAY_CHARSET WC_CES_UTF_8
| #define SYSTEM_CHARSET WC_CES_UTF_8
| #define DOCUMENT_CHARSET WC_CES_UTF_8
| #define HAVE_CFPREFERENCESCOPYAPPVALUE 1
| #define HAVE_CFLOCALECOPYCURRENT 1
| #define HAVE_ICONV 1
| #define USE_COLOR 1
| #define USE_ANSI_COLOR 1
| #define USE_BG_COLOR 1
| #define INSTALL_W3MIMGDISPLAY $INSTALL_W3MIMGDISPLAY
| #define USE_IMAGE 1
| #define IMGTARGETS "$IMGTARGETS"
| #define IMGOBJS "$IMGOBJS"
| #define IMGX11CFLAGS "$IMGX11CFLAGS"
| #define IMGX11LDFLAGS "$IMGX11LDFLAGS"
| #define IMGFBCFLAGS "$IMGFBCFLAGS"
| #define IMGFBLDFLAGS "$IMGFBLDFLAGS"
| #define IMGLINK "$IMGLINK"
| #define IMGWINCFLAGS "$IMGWINCFLAGS"
| #define IMGWINLDFLAGS "$IMGWINLDFLAGS"
| #define USE_XFACE 1
| #define HELP_FILE "w3mhelp-w3m_en.html"
| #define KEYBIND w3m
| #define USE_MENU 1
| #define USE_MOUSE 1
| #define USE_HISTORY 1
| #define USE_ALARM 1
| #define USE_COOKIE 1
| #define USE_NNTP 1
| #define USE_DICT 1
| #define USE_HELP_CGI 1
| #define USE_EXTERNAL_URI_LOADER 1
| #define USE_W3MMAILER 1
| #define DEF_MIGEMO_COMMAND "migemo -t egrep /usr/local/share/migemo/migemo-dict"
| #define DEF_EDITOR "/usr/bin/vi"
| #define DEF_MAILER "/usr/bin/mail"
| #define DEF_EXT_BROWSER "/usr/bin/mozilla"
| #define INET6 1
| #define USE_SSL 1
| #define USE_SSL_VERIFY 1
| #define USE_DIGEST_AUTH 1
| #define STDC_HEADERS 1
| #define HAVE_SYS_TYPES_H 1
| #define HAVE_SYS_STAT_H 1
| #define HAVE_STDLIB_H 1
| #define HAVE_STRING_H 1
| #define HAVE_MEMORY_H 1
| #define HAVE_STRINGS_H 1
| #define HAVE_INTTYPES_H 1
| #define HAVE_STDINT_H 1
| #define HAVE_UNISTD_H 1
| #define HAVE_SOCKLEN_T 1
| #define AUXBIN_TARGETS "$AUXBIN_TARGETS"
| #define HAVE_DIRENT_H 1
| #define STDC_HEADERS 1
| #define HAVE_SYS_WAIT_H 1
| #define HAVE_TERMIOS_H 1
| #define HAVE_FLOAT_H 1
| #define HAVE_SYS_SELECT_H 1
| #define HAVE_LOCALE_H 1
| #define HAVE_STDINT_H 1
| #define HAVE_INTTYPES_H 1
| #define SIZEOF_LONG_LONG 8
| #define HAVE_STRCASECMP 1
| #define HAVE_STRCASESTR 1
| #define HAVE_STRCHR 1
| #define HAVE_MEMCPY 1
| #define HAVE_STRERROR 1
| #define HAVE_BCOPY 1
| #define HAVE_SETPGRP 1
| #define HAVE_CHDIR 1
| #define HAVE_GETCWD 1
| #define HAVE_GETWD 1
| #define HAVE_READLINK 1
| #define HAVE_SETENV 1
| #define HAVE_PUTENV 1
| #define HAVE_STRTOLL 1
| #define HAVE_ATOLL 1
| /* end confdefs.h.  */
| /* Define atoq to an innocuous variant, in case <limits.h> declares atoq.
|    For example, HP-UX 11i <limits.h> declares gettimeofday.  */
| #define atoq innocuous_atoq
| 
| /* System header to define __stub macros and hopefully few prototypes,
|     which can conflict with char atoq (); below.
|     Prefer <limits.h> to <assert.h> if __STDC__ is defined, since
|     <limits.h> exists even on freestanding compilers.  */
| 
| #ifdef __STDC__
| # include <limits.h>
| #else
| # include <assert.h>
| #endif
| 
| #undef atoq
| 
| /* Override any GCC internal prototype to avoid an error.
|    Use char because int might match the return type of a GCC
|    builtin and then its argument prototype would still apply.  */
| #ifdef __cplusplus
| extern "C"
| #endif
| char atoq ();
| /* The GNU C library defines this for functions which it implements
|     to always fail with ENOSYS.  Some functions are actually named
|     something starting with __ and the normal name is an alias.  */
| #if defined __stub_atoq || defined __stub___atoq
| choke me
| #endif
| 
| int
| main ()
| {
| return atoq ();
|   ;
|   return 0;
| }
configure:8802: result: no
configure:8802: checking for symlink
configure:8802: gcc -o conftest -g -O2 -I$(srcdir)/libwc  -I/usr/include/openssl   conftest.c  >&5
configure:8802: $? = 0
configure:8802: result: yes
configure:8802: checking for readlink
configure:8802: result: yes
configure:8802: checking for lstat
configure:8802: gcc -o conftest -g -O2 -I$(srcdir)/libwc  -I/usr/include/openssl   conftest.c  >&5
configure:8802: $? = 0
configure:8802: result: yes
configure:8802: checking for srand48
configure:8802: gcc -o conftest -g -O2 -I$(srcdir)/libwc  -I/usr/include/openssl   conftest.c  >&5
configure:8802: $? = 0
configure:8802: result: yes
configure:8802: checking for srandom
configure:8802: gcc -o conftest -g -O2 -I$(srcdir)/libwc  -I/usr/include/openssl   conftest.c  >&5
configure:8802: $? = 0
configure:8802: result: yes
configure:8802: checking for getpassphrase
configure:8802: gcc -o conftest -g -O2 -I$(srcdir)/libwc  -I/usr/include/openssl   conftest.c  >&5
Undefined symbols for architecture x86_64:
  "_getpassphrase", referenced from:
      _main in conftest-53459f.o
ld: symbol(s) not found for architecture x86_64
clang: error: linker command failed with exit code 1 (use -v to see invocation)
configure:8802: $? = 1
configure: failed program was:
| /* confdefs.h */
| #define PACKAGE_NAME "w3m"
| #define PACKAGE_TARNAME "w3m"
| #define PACKAGE_VERSION "0.5.3"
| #define PACKAGE_STRING "w3m 0.5.3"
| #define PACKAGE_BUGREPORT "satodai@w3m.jp"
| #define PACKAGE_URL ""
| #define PACKAGE "w3m"
| #define VERSION "0.5.3"
| #define W3M w3m
| #define W3M_TARGET 
| #define USE_M17N 1
| #define USE_UNICODE 1
| #define W3M_LANG EN
| #define WCTARGET "libwc/libwc.a"
| #define WCCFLAGS "-DUSE_UNICODE -I$(srcdir) -I$(srcdir)/.."
| #define DISPLAY_CHARSET WC_CES_UTF_8
| #define SYSTEM_CHARSET WC_CES_UTF_8
| #define DOCUMENT_CHARSET WC_CES_UTF_8
| #define HAVE_CFPREFERENCESCOPYAPPVALUE 1
| #define HAVE_CFLOCALECOPYCURRENT 1
| #define HAVE_ICONV 1
| #define USE_COLOR 1
| #define USE_ANSI_COLOR 1
| #define USE_BG_COLOR 1
| #define INSTALL_W3MIMGDISPLAY $INSTALL_W3MIMGDISPLAY
| #define USE_IMAGE 1
| #define IMGTARGETS "$IMGTARGETS"
| #define IMGOBJS "$IMGOBJS"
| #define IMGX11CFLAGS "$IMGX11CFLAGS"
| #define IMGX11LDFLAGS "$IMGX11LDFLAGS"
| #define IMGFBCFLAGS "$IMGFBCFLAGS"
| #define IMGFBLDFLAGS "$IMGFBLDFLAGS"
| #define IMGLINK "$IMGLINK"
| #define IMGWINCFLAGS "$IMGWINCFLAGS"
| #define IMGWINLDFLAGS "$IMGWINLDFLAGS"
| #define USE_XFACE 1
| #define HELP_FILE "w3mhelp-w3m_en.html"
| #define KEYBIND w3m
| #define USE_MENU 1
| #define USE_MOUSE 1
| #define USE_HISTORY 1
| #define USE_ALARM 1
| #define USE_COOKIE 1
| #define USE_NNTP 1
| #define USE_DICT 1
| #define USE_HELP_CGI 1
| #define USE_EXTERNAL_URI_LOADER 1
| #define USE_W3MMAILER 1
| #define DEF_MIGEMO_COMMAND "migemo -t egrep /usr/local/share/migemo/migemo-dict"
| #define DEF_EDITOR "/usr/bin/vi"
| #define DEF_MAILER "/usr/bin/mail"
| #define DEF_EXT_BROWSER "/usr/bin/mozilla"
| #define INET6 1
| #define USE_SSL 1
| #define USE_SSL_VERIFY 1
| #define USE_DIGEST_AUTH 1
| #define STDC_HEADERS 1
| #define HAVE_SYS_TYPES_H 1
| #define HAVE_SYS_STAT_H 1
| #define HAVE_STDLIB_H 1
| #define HAVE_STRING_H 1
| #define HAVE_MEMORY_H 1
| #define HAVE_STRINGS_H 1
| #define HAVE_INTTYPES_H 1
| #define HAVE_STDINT_H 1
| #define HAVE_UNISTD_H 1
| #define HAVE_SOCKLEN_T 1
| #define AUXBIN_TARGETS "$AUXBIN_TARGETS"
| #define HAVE_DIRENT_H 1
| #define STDC_HEADERS 1
| #define HAVE_SYS_WAIT_H 1
| #define HAVE_TERMIOS_H 1
| #define HAVE_FLOAT_H 1
| #define HAVE_SYS_SELECT_H 1
| #define HAVE_LOCALE_H 1
| #define HAVE_STDINT_H 1
| #define HAVE_INTTYPES_H 1
| #define SIZEOF_LONG_LONG 8
| #define HAVE_STRCASECMP 1
| #define HAVE_STRCASESTR 1
| #define HAVE_STRCHR 1
| #define HAVE_MEMCPY 1
| #define HAVE_STRERROR 1
| #define HAVE_BCOPY 1
| #define HAVE_SETPGRP 1
| #define HAVE_CHDIR 1
| #define HAVE_GETCWD 1
| #define HAVE_GETWD 1
| #define HAVE_READLINK 1
| #define HAVE_SETENV 1
| #define HAVE_PUTENV 1
| #define HAVE_STRTOLL 1
| #define HAVE_ATOLL 1
| #define HAVE_SYMLINK 1
| #define HAVE_READLINK 1
| #define HAVE_LSTAT 1
| #define HAVE_SRAND48 1
| #define HAVE_SRANDOM 1
| /* end confdefs.h.  */
| /* Define getpassphrase to an innocuous variant, in case <limits.h> declares getpassphrase.
|    For example, HP-UX 11i <limits.h> declares gettimeofday.  */
| #define getpassphrase innocuous_getpassphrase
| 
| /* System header to define __stub macros and hopefully few prototypes,
|     which can conflict with char getpassphrase (); below.
|     Prefer <limits.h> to <assert.h> if __STDC__ is defined, since
|     <limits.h> exists even on freestanding compilers.  */
| 
| #ifdef __STDC__
| # include <limits.h>
| #else
| # include <assert.h>
| #endif
| 
| #undef getpassphrase
| 
| /* Override any GCC internal prototype to avoid an error.
|    Use char because int might match the return type of a GCC
|    builtin and then its argument prototype would still apply.  */
| #ifdef __cplusplus
| extern "C"
| #endif
| char getpassphrase ();
| /* The GNU C library defines this for functions which it implements
|     to always fail with ENOSYS.  Some functions are actually named
|     something starting with __ and the normal name is an alias.  */
| #if defined __stub_getpassphrase || defined __stub___getpassphrase
| choke me
| #endif
| 
| int
| main ()
| {
| return getpassphrase ();
|   ;
|   return 0;
| }
configure:8802: result: no
configure:8802: checking for waitpid
configure:8802: gcc -o conftest -g -O2 -I$(srcdir)/libwc  -I/usr/include/openssl   conftest.c  >&5
configure:8802: $? = 0
configure:8802: result: yes
configure:8802: checking for setlocale
configure:8802: gcc -o conftest -g -O2 -I$(srcdir)/libwc  -I/usr/include/openssl   conftest.c  >&5
configure:8802: $? = 0
configure:8802: result: yes
configure:8813: checking for strftime
configure:8813: gcc -o conftest -g -O2 -I$(srcdir)/libwc  -I/usr/include/openssl   conftest.c  >&5
configure:8813: $? = 0
configure:8813: result: yes
configure:8866: checking for wait3 that fills in rusage
configure:8912: gcc -o conftest -g -O2 -I$(srcdir)/libwc  -I/usr/include/openssl   conftest.c  >&5
configure:8912: $? = 0
configure:8912: ./conftest
configure:8912: $? = 0
configure:8922: result: yes
configure:8930: checking whether setpgrp takes no argument
configure:8952: gcc -o conftest -g -O2 -I$(srcdir)/libwc  -I/usr/include/openssl   conftest.c  >&5
conftest.c:144:19: error: too many arguments to function call, expected 0, have 2
  return setpgrp (1,1) != -1;
         ~~~~~~~  ^~~
/usr/include/unistd.h:586:1: note: 'setpgrp' declared here
pid_t    setpgrp(void) __DARWIN_ALIAS(setpgrp);
^
1 error generated.
configure:8952: $? = 1
configure: program exited with status 1
configure: failed program was:
| /* confdefs.h */
| #define PACKAGE_NAME "w3m"
| #define PACKAGE_TARNAME "w3m"
| #define PACKAGE_VERSION "0.5.3"
| #define PACKAGE_STRING "w3m 0.5.3"
| #define PACKAGE_BUGREPORT "satodai@w3m.jp"
| #define PACKAGE_URL ""
| #define PACKAGE "w3m"
| #define VERSION "0.5.3"
| #define W3M w3m
| #define W3M_TARGET 
| #define USE_M17N 1
| #define USE_UNICODE 1
| #define W3M_LANG EN
| #define WCTARGET "libwc/libwc.a"
| #define WCCFLAGS "-DUSE_UNICODE -I$(srcdir) -I$(srcdir)/.."
| #define DISPLAY_CHARSET WC_CES_UTF_8
| #define SYSTEM_CHARSET WC_CES_UTF_8
| #define DOCUMENT_CHARSET WC_CES_UTF_8
| #define HAVE_CFPREFERENCESCOPYAPPVALUE 1
| #define HAVE_CFLOCALECOPYCURRENT 1
| #define HAVE_ICONV 1
| #define USE_COLOR 1
| #define USE_ANSI_COLOR 1
| #define USE_BG_COLOR 1
| #define INSTALL_W3MIMGDISPLAY $INSTALL_W3MIMGDISPLAY
| #define USE_IMAGE 1
| #define IMGTARGETS "$IMGTARGETS"
| #define IMGOBJS "$IMGOBJS"
| #define IMGX11CFLAGS "$IMGX11CFLAGS"
| #define IMGX11LDFLAGS "$IMGX11LDFLAGS"
| #define IMGFBCFLAGS "$IMGFBCFLAGS"
| #define IMGFBLDFLAGS "$IMGFBLDFLAGS"
| #define IMGLINK "$IMGLINK"
| #define IMGWINCFLAGS "$IMGWINCFLAGS"
| #define IMGWINLDFLAGS "$IMGWINLDFLAGS"
| #define USE_XFACE 1
| #define HELP_FILE "w3mhelp-w3m_en.html"
| #define KEYBIND w3m
| #define USE_MENU 1
| #define USE_MOUSE 1
| #define USE_HISTORY 1
| #define USE_ALARM 1
| #define USE_COOKIE 1
| #define USE_NNTP 1
| #define USE_DICT 1
| #define USE_HELP_CGI 1
| #define USE_EXTERNAL_URI_LOADER 1
| #define USE_W3MMAILER 1
| #define DEF_MIGEMO_COMMAND "migemo -t egrep /usr/local/share/migemo/migemo-dict"
| #define DEF_EDITOR "/usr/bin/vi"
| #define DEF_MAILER "/usr/bin/mail"
| #define DEF_EXT_BROWSER "/usr/bin/mozilla"
| #define INET6 1
| #define USE_SSL 1
| #define USE_SSL_VERIFY 1
| #define USE_DIGEST_AUTH 1
| #define STDC_HEADERS 1
| #define HAVE_SYS_TYPES_H 1
| #define HAVE_SYS_STAT_H 1
| #define HAVE_STDLIB_H 1
| #define HAVE_STRING_H 1
| #define HAVE_MEMORY_H 1
| #define HAVE_STRINGS_H 1
| #define HAVE_INTTYPES_H 1
| #define HAVE_STDINT_H 1
| #define HAVE_UNISTD_H 1
| #define HAVE_SOCKLEN_T 1
| #define AUXBIN_TARGETS "$AUXBIN_TARGETS"
| #define HAVE_DIRENT_H 1
| #define STDC_HEADERS 1
| #define HAVE_SYS_WAIT_H 1
| #define HAVE_TERMIOS_H 1
| #define HAVE_FLOAT_H 1
| #define HAVE_SYS_SELECT_H 1
| #define HAVE_LOCALE_H 1
| #define HAVE_STDINT_H 1
| #define HAVE_INTTYPES_H 1
| #define SIZEOF_LONG_LONG 8
| #define HAVE_STRCASECMP 1
| #define HAVE_STRCASESTR 1
| #define HAVE_STRCHR 1
| #define HAVE_MEMCPY 1
| #define HAVE_STRERROR 1
| #define HAVE_BCOPY 1
| #define HAVE_SETPGRP 1
| #define HAVE_CHDIR 1
| #define HAVE_GETCWD 1
| #define HAVE_GETWD 1
| #define HAVE_READLINK 1
| #define HAVE_SETENV 1
| #define HAVE_PUTENV 1
| #define HAVE_STRTOLL 1
| #define HAVE_ATOLL 1
| #define HAVE_SYMLINK 1
| #define HAVE_READLINK 1
| #define HAVE_LSTAT 1
| #define HAVE_SRAND48 1
| #define HAVE_SRANDOM 1
| #define HAVE_WAITPID 1
| #define HAVE_SETLOCALE 1
| #define HAVE_STRFTIME 1
| #define HAVE_WAIT3 1
| /* end confdefs.h.  */
| #include <stdio.h>
| #ifdef HAVE_SYS_TYPES_H
| # include <sys/types.h>
| #endif
| #ifdef HAVE_SYS_STAT_H
| # include <sys/stat.h>
| #endif
| #ifdef STDC_HEADERS
| # include <stdlib.h>
| # include <stddef.h>
| #else
| # ifdef HAVE_STDLIB_H
| #  include <stdlib.h>
| # endif
| #endif
| #ifdef HAVE_STRING_H
| # if !defined STDC_HEADERS && defined HAVE_MEMORY_H
| #  include <memory.h>
| # endif
| # include <string.h>
| #endif
| #ifdef HAVE_STRINGS_H
| # include <strings.h>
| #endif
| #ifdef HAVE_INTTYPES_H
| # include <inttypes.h>
| #endif
| #ifdef HAVE_STDINT_H
| # include <stdint.h>
| #endif
| #ifdef HAVE_UNISTD_H
| # include <unistd.h>
| #endif
| int
| main ()
| {
| /* If this system has a BSD-style setpgrp which takes arguments,
|   setpgrp(1, 1) will fail with ESRCH and return -1, in that case
|   exit successfully. */
|   return setpgrp (1,1) != -1;
|   ;
|   return 0;
| }
configure:8962: result: yes
configure:8975: checking for nl_langinfo and CODESET
configure:8991: gcc -o conftest -g -O2 -I$(srcdir)/libwc  -I/usr/include/openssl   conftest.c  >&5
configure:8991: $? = 0
configure:9000: result: yes
configure:9011: checking for sys_errlist
configure:9024: gcc -c -g -O2 -I$(srcdir)/libwc  -I/usr/include/openssl  conftest.c >&5
conftest.c:111:1: warning: implicitly declaring library function 'printf' with type 'int (const char *, ...)'
printf(sys_errlist[0]);
^
conftest.c:111:1: note: include the header <stdio.h> or explicitly provide a declaration for 'printf'
conftest.c:111:8: warning: format string is not a string literal (potentially insecure) [-Wformat-security]
printf(sys_errlist[0]);
       ^~~~~~~~~~~~~~
2 warnings generated.
configure:9024: $? = 0
configure:9031: result: yes
configure:9034: checking for sigsetjmp
configure:9048: gcc -c -g -O2 -I$(srcdir)/libwc  -I/usr/include/openssl  conftest.c >&5
conftest.c:113:34: warning: implicitly declaring library function 'exit' with type 'void (int) __attribute__((noreturn))'
   if (sigsetjmp(env, 1) != 0) { exit(0); } siglongjmp(env, 1);
                                 ^
conftest.c:113:34: note: include the header <stdlib.h> or explicitly provide a declaration for 'exit'
1 warning generated.
configure:9048: $? = 0
configure:9055: result: yes
configure:9057: checking return type of signal handlers
configure:9075: gcc -c -g -O2 -I$(srcdir)/libwc  -I/usr/include/openssl  conftest.c >&5
conftest.c:115:8: error: indirection requires pointer operand ('void' invalid)
return *(signal (0, 0)) (0) == 1;
       ^~~~~~~~~~~~~~~~~~~~
1 error generated.
configure:9075: $? = 1
configure: failed program was:
| /* confdefs.h */
| #define PACKAGE_NAME "w3m"
| #define PACKAGE_TARNAME "w3m"
| #define PACKAGE_VERSION "0.5.3"
| #define PACKAGE_STRING "w3m 0.5.3"
| #define PACKAGE_BUGREPORT "satodai@w3m.jp"
| #define PACKAGE_URL ""
| #define PACKAGE "w3m"
| #define VERSION "0.5.3"
| #define W3M w3m
| #define W3M_TARGET 
| #define USE_M17N 1
| #define USE_UNICODE 1
| #define W3M_LANG EN
| #define WCTARGET "libwc/libwc.a"
| #define WCCFLAGS "-DUSE_UNICODE -I$(srcdir) -I$(srcdir)/.."
| #define DISPLAY_CHARSET WC_CES_UTF_8
| #define SYSTEM_CHARSET WC_CES_UTF_8
| #define DOCUMENT_CHARSET WC_CES_UTF_8
| #define HAVE_CFPREFERENCESCOPYAPPVALUE 1
| #define HAVE_CFLOCALECOPYCURRENT 1
| #define HAVE_ICONV 1
| #define USE_COLOR 1
| #define USE_ANSI_COLOR 1
| #define USE_BG_COLOR 1
| #define INSTALL_W3MIMGDISPLAY $INSTALL_W3MIMGDISPLAY
| #define USE_IMAGE 1
| #define IMGTARGETS "$IMGTARGETS"
| #define IMGOBJS "$IMGOBJS"
| #define IMGX11CFLAGS "$IMGX11CFLAGS"
| #define IMGX11LDFLAGS "$IMGX11LDFLAGS"
| #define IMGFBCFLAGS "$IMGFBCFLAGS"
| #define IMGFBLDFLAGS "$IMGFBLDFLAGS"
| #define IMGLINK "$IMGLINK"
| #define IMGWINCFLAGS "$IMGWINCFLAGS"
| #define IMGWINLDFLAGS "$IMGWINLDFLAGS"
| #define USE_XFACE 1
| #define HELP_FILE "w3mhelp-w3m_en.html"
| #define KEYBIND w3m
| #define USE_MENU 1
| #define USE_MOUSE 1
| #define USE_HISTORY 1
| #define USE_ALARM 1
| #define USE_COOKIE 1
| #define USE_NNTP 1
| #define USE_DICT 1
| #define USE_HELP_CGI 1
| #define USE_EXTERNAL_URI_LOADER 1
| #define USE_W3MMAILER 1
| #define DEF_MIGEMO_COMMAND "migemo -t egrep /usr/local/share/migemo/migemo-dict"
| #define DEF_EDITOR "/usr/bin/vi"
| #define DEF_MAILER "/usr/bin/mail"
| #define DEF_EXT_BROWSER "/usr/bin/mozilla"
| #define INET6 1
| #define USE_SSL 1
| #define USE_SSL_VERIFY 1
| #define USE_DIGEST_AUTH 1
| #define STDC_HEADERS 1
| #define HAVE_SYS_TYPES_H 1
| #define HAVE_SYS_STAT_H 1
| #define HAVE_STDLIB_H 1
| #define HAVE_STRING_H 1
| #define HAVE_MEMORY_H 1
| #define HAVE_STRINGS_H 1
| #define HAVE_INTTYPES_H 1
| #define HAVE_STDINT_H 1
| #define HAVE_UNISTD_H 1
| #define HAVE_SOCKLEN_T 1
| #define AUXBIN_TARGETS "$AUXBIN_TARGETS"
| #define HAVE_DIRENT_H 1
| #define STDC_HEADERS 1
| #define HAVE_SYS_WAIT_H 1
| #define HAVE_TERMIOS_H 1
| #define HAVE_FLOAT_H 1
| #define HAVE_SYS_SELECT_H 1
| #define HAVE_LOCALE_H 1
| #define HAVE_STDINT_H 1
| #define HAVE_INTTYPES_H 1
| #define SIZEOF_LONG_LONG 8
| #define HAVE_STRCASECMP 1
| #define HAVE_STRCASESTR 1
| #define HAVE_STRCHR 1
| #define HAVE_MEMCPY 1
| #define HAVE_STRERROR 1
| #define HAVE_BCOPY 1
| #define HAVE_SETPGRP 1
| #define HAVE_CHDIR 1
| #define HAVE_GETCWD 1
| #define HAVE_GETWD 1
| #define HAVE_READLINK 1
| #define HAVE_SETENV 1
| #define HAVE_PUTENV 1
| #define HAVE_STRTOLL 1
| #define HAVE_ATOLL 1
| #define HAVE_SYMLINK 1
| #define HAVE_READLINK 1
| #define HAVE_LSTAT 1
| #define HAVE_SRAND48 1
| #define HAVE_SRANDOM 1
| #define HAVE_WAITPID 1
| #define HAVE_SETLOCALE 1
| #define HAVE_STRFTIME 1
| #define HAVE_WAIT3 1
| #define SETPGRP_VOID 1
| #define HAVE_LANGINFO_CODESET 1
| #define HAVE_SYS_ERRLIST 1
| #define HAVE_SIGSETJMP 1
| /* end confdefs.h.  */
| #include <sys/types.h>
| #include <signal.h>
| 
| int
| main ()
| {
| return *(signal (0, 0)) (0) == 1;
|   ;
|   return 0;
| }
configure:9082: result: void
configure:9235: creating ./config.status

## ---------------------- ##
## Running config.status. ##
## ---------------------- ##

This file was extended by w3m config.status 0.5.3, which was
generated by GNU Autoconf 2.69.  Invocation command line was

  CONFIG_FILES    = 
  CONFIG_HEADERS  = 
  CONFIG_LINKS    = 
  CONFIG_COMMANDS = 
  $ ./config.status 

on Samuel-no-MacBook-Air.local

config.status:1057: creating Makefile
config.status:1057: creating posubst
config.status:1057: creating po/Makefile.in
config.status:1057: creating scripts/Makefile
config.status:1057: creating scripts/dirlist.cgi
config.status:1057: creating scripts/w3mhelp.cgi
config.status:1057: creating scripts/w3mmail.cgi
config.status:1057: creating scripts/xface2xpm
config.status:1057: creating scripts/multipart/Makefile
config.status:1057: creating scripts/multipart/multipart.cgi
config.status:1057: creating scripts/w3mman/Makefile
config.status:1057: creating scripts/w3mman/w3mman
config.status:1057: creating scripts/w3mman/w3mman.1
config.status:1057: creating scripts/w3mman/w3mman2html.cgi
config.status:1057: creating libwc/Makefile
config.status:1057: creating w3mimg/Makefile
config.status:1057: creating w3mimg/fb/Makefile
config.status:1057: creating w3mimg/x11/Makefile
config.status:1057: creating w3mimg/win/Makefile
config.status:1057: creating w3mhelp-w3m_en.html
config.status:1057: creating w3mhelp-w3m_ja.html
config.status:1057: creating w3mhelp-lynx_en.html
config.status:1057: creating w3mhelp-lynx_ja.html
config.status:1057: creating config.h
config.status:1252: executing po-directories commands

## ---------------- ##
## Cache variables. ##
## ---------------- ##

ac_cv_build=i686-apple-darwin14.4.0
ac_cv_c_compiler_gnu=yes
ac_cv_cxx_compiler_gnu=yes
ac_cv_env_CCC_set=
ac_cv_env_CCC_value=
ac_cv_env_CC_set=
ac_cv_env_CC_value=
ac_cv_env_CFLAGS_set=
ac_cv_env_CFLAGS_value=
ac_cv_env_CPPFLAGS_set=
ac_cv_env_CPPFLAGS_value=
ac_cv_env_CPP_set=
ac_cv_env_CPP_value=
ac_cv_env_CXXFLAGS_set=
ac_cv_env_CXXFLAGS_value=
ac_cv_env_CXX_set=
ac_cv_env_CXX_value=
ac_cv_env_LDFLAGS_set=
ac_cv_env_LDFLAGS_value=
ac_cv_env_LIBS_set=
ac_cv_env_LIBS_value=
ac_cv_env_PKG_CONFIG_LIBDIR_set=
ac_cv_env_PKG_CONFIG_LIBDIR_value=
ac_cv_env_PKG_CONFIG_PATH_set=
ac_cv_env_PKG_CONFIG_PATH_value=
ac_cv_env_PKG_CONFIG_set=
ac_cv_env_PKG_CONFIG_value=
ac_cv_env_SSL_CFLAGS_set=
ac_cv_env_SSL_CFLAGS_value=
ac_cv_env_SSL_LIBS_set=
ac_cv_env_SSL_LIBS_value=
ac_cv_env_build_alias_set=
ac_cv_env_build_alias_value=
ac_cv_env_host_alias_set=
ac_cv_env_host_alias_value=
ac_cv_env_target_alias_set=
ac_cv_env_target_alias_value=
ac_cv_func_atoll=yes
ac_cv_func_atoq=no
ac_cv_func_bcopy=yes
ac_cv_func_chdir=yes
ac_cv_func_getaddrinfo=yes
ac_cv_func_getcwd=yes
ac_cv_func_getpassphrase=no
ac_cv_func_getwd=yes
ac_cv_func_lstat=yes
ac_cv_func_memcpy=yes
ac_cv_func_putenv=yes
ac_cv_func_readlink=yes
ac_cv_func_setenv=yes
ac_cv_func_setlocale=yes
ac_cv_func_setpgrp=yes
ac_cv_func_setpgrp_void=yes
ac_cv_func_sqrt=yes
ac_cv_func_srand48=yes
ac_cv_func_srandom=yes
ac_cv_func_strcasecmp=yes
ac_cv_func_strcasestr=yes
ac_cv_func_strchr=yes
ac_cv_func_strerror=yes
ac_cv_func_strftime=yes
ac_cv_func_stroq=no
ac_cv_func_strtoll=yes
ac_cv_func_symlink=yes
ac_cv_func_wait3_rusage=yes
ac_cv_func_waitpid=yes
ac_cv_header_dirent_dirent_h=yes
ac_cv_header_float_h=yes
ac_cv_header_gc_h=yes
ac_cv_header_inttypes_h=yes
ac_cv_header_locale_h=yes
ac_cv_header_memory_h=yes
ac_cv_header_stdc=yes
ac_cv_header_stdint_h=yes
ac_cv_header_stdlib_h=yes
ac_cv_header_string_h=yes
ac_cv_header_strings_h=yes
ac_cv_header_sys_select_h=yes
ac_cv_header_sys_stat_h=yes
ac_cv_header_sys_types_h=yes
ac_cv_header_sys_wait_h=yes
ac_cv_header_termios_h=yes
ac_cv_header_unistd_h=yes
ac_cv_host=i686-apple-darwin14.4.0
ac_cv_lib_gc_GC_init=yes
ac_cv_lib_gpm_Gpm_Open=no
ac_cv_lib_mytinfo___tgetent=no
ac_cv_lib_ssl_SSL_new=yes
ac_cv_lib_termcap___tgetent=yes
ac_cv_lib_terminfo___tgetent=no
ac_cv_lib_termlib___tgetent=no
ac_cv_lib_z_zError=yes
ac_cv_objext=o
ac_cv_path_EGREP='/usr/bin/grep -E'
ac_cv_path_GMSGFMT=:
ac_cv_path_GREP=/usr/bin/grep
ac_cv_path_MAN=/usr/bin/man
ac_cv_path_MSGFMT=:
ac_cv_path_MSGMERGE=:
ac_cv_path_PERL=/usr/bin/perl
ac_cv_path_XGETTEXT=:
ac_cv_path_install='/usr/bin/install -c'
ac_cv_prog_AWK=awk
ac_cv_prog_CPP='gcc -E'
ac_cv_prog_ac_ct_CC=gcc
ac_cv_prog_ac_ct_CXX=g++
ac_cv_prog_ac_ct_RANLIB=ranlib
ac_cv_prog_cc_c89=
ac_cv_prog_cc_g=yes
ac_cv_prog_cxx_g=yes
ac_cv_prog_make_make_set=yes
ac_cv_prog_uncompface=no
ac_cv_search_opendir='none required'
ac_cv_sizeof_long_long=8
ac_cv_type_signal=void
ac_cv_type_socklen_t=yes
acl_cv_hardcode_direct=no
acl_cv_hardcode_libdir_flag_spec=
acl_cv_hardcode_libdir_separator=
acl_cv_hardcode_minus_L=no
acl_cv_libext=a
acl_cv_libname_spec='lib$name'
acl_cv_library_names_spec='$libname$shrext'
acl_cv_path_LD=/Applications/Xcode.app/Contents/Developer/Toolchains/XcodeDefault.xctoolchain/usr/bin/ld
acl_cv_prog_gnu_ld=no
acl_cv_rpath=done
acl_cv_shlibext=dylib
acl_cv_wl=-Wl,
am_cv_func_iconv=yes
am_cv_func_iconv_works=yes
am_cv_langinfo_codeset=yes
am_cv_lib_iconv=yes
gt_cv_func_CFLocaleCopyCurrent=yes
gt_cv_func_CFPreferencesCopyAppValue=yes
gt_cv_func_gnugettext1_libc=no
gt_cv_func_gnugettext1_libintl=no

## ----------------- ##
## Output variables. ##
## ----------------- ##

AUXBIN_TARGETS=' w3mimgdisplay$(EXT) inflate$(EXT)'
AWK='awk'
CC='gcc'
CFLAGS='-g -O2 -I$(srcdir)/libwc  -I/usr/include/openssl'
CPP='gcc -E'
CPPFLAGS=''
CURRENT_VERSION='0.5.3'
CXX='g++'
CXXFLAGS='-g -O2'
DEFS='-DHAVE_CONFIG_H'
DEF_EDITOR=''
DEF_EXT_BROWSER=''
DEF_MAILER=''
DEF_MIGEMO_COMMAND=''
DISPLAY_CHARSET=''
DOCDIRS='doc:en_English doc-jp:ja_Japanese'
DOCUMENT_CHARSET=''
ECHO_C='\c'
ECHO_N=''
ECHO_T=''
EGREP='/usr/bin/grep -E'
EXEEXT=''
GETTEXT_MACRO_VERSION='0.18'
GMSGFMT=':'
GMSGFMT_015=':'
GREP='/usr/bin/grep'
HAVE_OLD_SS_FAMILY=''
HAVE_SIGSETJMP=''
HAVE_SYS_ERRLIST=''
HELP_DIR='${datarootdir}/w3m'
HELP_FILE='w3mhelp-w3m_en.html'
IMGFBCFLAGS=''
IMGFBLDFLAGS=''
IMGLINK='$(CC)'
IMGOBJS='w3mimg.o'
IMGTARGETS=''
IMGWINCFLAGS=''
IMGWINLDFLAGS=''
IMGX11CFLAGS=''
IMGX11LDFLAGS=''
INET6=''
INSTALL_DATA='${INSTALL} -m 644'
INSTALL_PROGRAM='${INSTALL}'
INSTALL_SCRIPT='${INSTALL}'
INSTALL_W3MIMGDISPLAY='${INSTALL_PROGRAM}'
INTLLIBS=''
INTLTARGET=''
INTL_MACOSX_LIBS='-Wl,-framework -Wl,CoreFoundation'
KEYBIND=''
KEYMAP_FILE='keybind'
LDFLAGS=''
LIBGC='-lgc'
LIBICONV='-liconv'
LIBINTL=''
LIBOBJS=''
LIBS=''
LN_S='ln -s'
LTLIBICONV='-liconv'
LTLIBINTL=''
LTLIBOBJS=''
MAN='/usr/bin/man'
MKDIR_P='./install-sh -c -d'
MSGFMT=':'
MSGFMT_015=':'
MSGMERGE=':'
NKF='/usr/local/bin/nkf'
NLSTARGET=''
OBJEXT='o'
PACKAGE='w3m'
PACKAGE_BUGREPORT='satodai@w3m.jp'
PACKAGE_NAME='w3m'
PACKAGE_STRING='w3m 0.5.3'
PACKAGE_TARNAME='w3m'
PACKAGE_URL=''
PACKAGE_VERSION='0.5.3'
PATH_SEPARATOR=':'
PERL='/usr/bin/perl'
PKG_CONFIG=''
PKG_CONFIG_LIBDIR=''
PKG_CONFIG_PATH=''
POLANG=''
POSUB=''
POSUBST=''
RANLIB='ranlib'
RC_DIR='~/.w3m'
RETSIGTYPE=''
SET_MAKE=''
SHELL='/bin/sh'
SIGNAL_RETURN=''
SSL_CFLAGS=' -I/usr/include/openssl'
SSL_LIBS=''
SYSTEM_CHARSET=''
USE_ALARM=''
USE_ANSI_COLOR=''
USE_BG_COLOR=''
USE_BINMODE_STREAM=''
USE_COLOR=''
USE_COOKIE=''
USE_DICT=''
USE_DIGEST_AUTH=''
USE_EXTERNAL_URI_LOADER=''
USE_GDKPIXBUF=''
USE_GOPHER=''
USE_GTK2=''
USE_HELP_CGI=''
USE_HISTORY=''
USE_IMAGE=''
USE_IMLIB2=''
USE_IMLIB=''
USE_M17N=''
USE_MENU=''
USE_MIGEMO=''
USE_MOUSE=''
USE_NLS='no'
USE_NNTP=''
USE_SSL=''
USE_SSL_VERIFY=''
USE_SYSMOUSE=''
USE_UNICODE=''
USE_W3M=''
USE_W3MIMG_FB=''
USE_W3MIMG_WIN=''
USE_W3MIMG_X11=''
USE_W3MMAILER=''
USE_XFACE=''
VERSION='0.5.3'
W3M='w3m'
W3MIMGDISPLAY_SETUID=''
W3M_LANG='EN'
W3M_LIBS=' -L./libwc -lwc  -lssl -lcrypto -ltermcap'
W3M_TARGET=''
WCCFLAGS='-DUSE_UNICODE -I$(srcdir) -I$(srcdir)/..'
WCTARGET='libwc/libwc.a'
XGETTEXT=':'
XGETTEXT_015=':'
XGETTEXT_EXTRA_OPTIONS=''
ac_ct_CC='gcc'
ac_ct_CXX='g++'
bindir='${exec_prefix}/bin'
build='i686-apple-darwin14.4.0'
build_alias=''
build_cpu='i686'
build_os='darwin14.4.0'
build_vendor='apple'
datadir='${datarootdir}'
datarootdir='${prefix}/share'
docdir='${datarootdir}/doc/${PACKAGE_TARNAME}'
dvidir='${docdir}'
exec_prefix='${prefix}'
host='i686-apple-darwin14.4.0'
host_alias=''
host_cpu='i686'
host_os='darwin14.4.0'
host_vendor='apple'
htmldir='${docdir}'
includedir='${prefix}/include'
infodir='${datarootdir}/info'
libdir='${exec_prefix}/lib'
libexecdir='${exec_prefix}/libexec'
localedir='${datarootdir}/locale'
localstatedir='${prefix}/var'
mandir='${datarootdir}/man'
mkdir_p='$(top_builddir)/./install-sh -c -d'
oldincludedir='/usr/include'
pdfdir='${docdir}'
prefix='/usr/local'
program_transform_name='s,x,x,'
psdir='${docdir}'
sbindir='${exec_prefix}/sbin'
sharedstatedir='${prefix}/com'
sysconfdir='${prefix}/etc'
target_alias=''
uncompface='no'

## ----------- ##
## confdefs.h. ##
## ----------- ##

/* confdefs.h */
#define PACKAGE_NAME "w3m"
#define PACKAGE_TARNAME "w3m"
#define PACKAGE_VERSION "0.5.3"
#define PACKAGE_STRING "w3m 0.5.3"
#define PACKAGE_BUGREPORT "satodai@w3m.jp"
#define PACKAGE_URL ""
#define PACKAGE "w3m"
#define VERSION "0.5.3"
#define W3M w3m
#define W3M_TARGET 
#define USE_M17N 1
#define USE_UNICODE 1
#define W3M_LANG EN
#define WCTARGET "libwc/libwc.a"
#define WCCFLAGS "-DUSE_UNICODE -I$(srcdir) -I$(srcdir)/.."
#define DISPLAY_CHARSET WC_CES_UTF_8
#define SYSTEM_CHARSET WC_CES_UTF_8
#define DOCUMENT_CHARSET WC_CES_UTF_8
#define HAVE_CFPREFERENCESCOPYAPPVALUE 1
#define HAVE_CFLOCALECOPYCURRENT 1
#define HAVE_ICONV 1
#define USE_COLOR 1
#define USE_ANSI_COLOR 1
#define USE_BG_COLOR 1
#define INSTALL_W3MIMGDISPLAY $INSTALL_W3MIMGDISPLAY
#define USE_IMAGE 1
#define IMGTARGETS "$IMGTARGETS"
#define IMGOBJS "$IMGOBJS"
#define IMGX11CFLAGS "$IMGX11CFLAGS"
#define IMGX11LDFLAGS "$IMGX11LDFLAGS"
#define IMGFBCFLAGS "$IMGFBCFLAGS"
#define IMGFBLDFLAGS "$IMGFBLDFLAGS"
#define IMGLINK "$IMGLINK"
#define IMGWINCFLAGS "$IMGWINCFLAGS"
#define IMGWINLDFLAGS "$IMGWINLDFLAGS"
#define USE_XFACE 1
#define HELP_FILE "w3mhelp-w3m_en.html"
#define KEYBIND w3m
#define USE_MENU 1
#define USE_MOUSE 1
#define USE_HISTORY 1
#define USE_ALARM 1
#define USE_COOKIE 1
#define USE_NNTP 1
#define USE_DICT 1
#define USE_HELP_CGI 1
#define USE_EXTERNAL_URI_LOADER 1
#define USE_W3MMAILER 1
#define DEF_MIGEMO_COMMAND "migemo -t egrep /usr/local/share/migemo/migemo-dict"
#define DEF_EDITOR "/usr/bin/vi"
#define DEF_MAILER "/usr/bin/mail"
#define DEF_EXT_BROWSER "/usr/bin/mozilla"
#define INET6 1
#define USE_SSL 1
#define USE_SSL_VERIFY 1
#define USE_DIGEST_AUTH 1
#define STDC_HEADERS 1
#define HAVE_SYS_TYPES_H 1
#define HAVE_SYS_STAT_H 1
#define HAVE_STDLIB_H 1
#define HAVE_STRING_H 1
#define HAVE_MEMORY_H 1
#define HAVE_STRINGS_H 1
#define HAVE_INTTYPES_H 1
#define HAVE_STDINT_H 1
#define HAVE_UNISTD_H 1
#define HAVE_SOCKLEN_T 1
#define AUXBIN_TARGETS "$AUXBIN_TARGETS"
#define HAVE_DIRENT_H 1
#define STDC_HEADERS 1
#define HAVE_SYS_WAIT_H 1
#define HAVE_TERMIOS_H 1
#define HAVE_FLOAT_H 1
#define HAVE_SYS_SELECT_H 1
#define HAVE_LOCALE_H 1
#define HAVE_STDINT_H 1
#define HAVE_INTTYPES_H 1
#define SIZEOF_LONG_LONG 8
#define HAVE_STRCASECMP 1
#define HAVE_STRCASESTR 1
#define HAVE_STRCHR 1
#define HAVE_MEMCPY 1
#define HAVE_STRERROR 1
#define HAVE_BCOPY 1
#define HAVE_SETPGRP 1
#define HAVE_CHDIR 1
#define HAVE_GETCWD 1
#define HAVE_GETWD 1
#define HAVE_READLINK 1
#define HAVE_SETENV 1
#define HAVE_PUTENV 1
#define HAVE_STRTOLL 1
#define HAVE_ATOLL 1
#define HAVE_SYMLINK 1
#define HAVE_READLINK 1
#define HAVE_LSTAT 1
#define HAVE_SRAND48 1
#define HAVE_SRANDOM 1
#define HAVE_WAITPID 1
#define HAVE_SETLOCALE 1
#define HAVE_STRFTIME 1
#define HAVE_WAIT3 1
#define SETPGRP_VOID 1
#define HAVE_LANGINFO_CODESET 1
#define HAVE_SYS_ERRLIST 1
#define HAVE_SIGSETJMP 1
#define RETSIGTYPE void
#define SIGNAL_RETURN return
#define HELP_DIR "$HELP_DIR"
#define RC_DIR "$RC_DIR"
#define DOCDIRS "doc:en_English doc-jp:ja_Japanese"

configure: exit 0
